정보,2025-06-23 오후 5:53:59,Microsoft-Windows-Sysmon,5,Process terminated (rule: ProcessTerminate),"Process terminated:
RuleName: -
UtcTime: 2025-06-23 08:53:59.664
ProcessGuid: {c00189fc-1627-6859-9759-000000006900}
ProcessId: 369528
Image: C:\Program Files (x86)\iniLINE\CrossEX\crossex\CrossEXService.exe
User: DESKTOP-GHQF7EL\wah43"
정보,2025-06-23 오후 5:53:59,Microsoft-Windows-Sysmon,5,Process terminated (rule: ProcessTerminate),"Process terminated:
RuleName: -
UtcTime: 2025-06-23 08:53:59.133
ProcessGuid: {c00189fc-1627-6859-9659-000000006900}
ProcessId: 369016
Image: C:\Program Files (x86)\iniLINE\CrossEX\crossex\CrossEXService.exe
User: DESKTOP-GHQF7EL\wah43"
정보,2025-06-23 오후 5:53:58,Microsoft-Windows-Sysmon,5,Process terminated (rule: ProcessTerminate),"Process terminated:
RuleName: -
UtcTime: 2025-06-23 08:53:58.601
ProcessGuid: {c00189fc-1626-6859-9559-000000006900}
ProcessId: 368660
Image: C:\Program Files (x86)\iniLINE\CrossEX\crossex\CrossEXService.exe
User: DESKTOP-GHQF7EL\wah43"
정보,2025-06-23 오후 5:53:58,Microsoft-Windows-Sysmon,5,Process terminated (rule: ProcessTerminate),"Process terminated:
RuleName: -
UtcTime: 2025-06-23 08:53:58.070
ProcessGuid: {c00189fc-1626-6859-9459-000000006900}
ProcessId: 369856
Image: C:\Program Files (x86)\iniLINE\CrossEX\crossex\CrossEXService.exe
User: DESKTOP-GHQF7EL\wah43"
정보,2025-06-23 오후 5:53:57,Microsoft-Windows-Sysmon,5,Process terminated (rule: ProcessTerminate),"Process terminated:
RuleName: -
UtcTime: 2025-06-23 08:53:57.883
ProcessGuid: {c00189fc-1625-6859-9259-000000006900}
ProcessId: 369116
Image: C:\Program Files (x86)\INITECH\INISAFE Web EX Client\INISAFECrossWebEXSvc.exe
User: DESKTOP-GHQF7EL\wah43"
정보,2025-06-23 오후 5:53:57,Microsoft-Windows-Sysmon,5,Process terminated (rule: ProcessTerminate),"Process terminated:
RuleName: -
UtcTime: 2025-06-23 08:53:57.523
ProcessGuid: {c00189fc-1625-6859-9159-000000006900}
ProcessId: 369740
Image: C:\Program Files (x86)\iniLINE\CrossEX\crossex\CrossEXService.exe
User: DESKTOP-GHQF7EL\wah43"
정보,2025-06-23 오후 5:53:57,Microsoft-Windows-Sysmon,5,Process terminated (rule: ProcessTerminate),"Process terminated:
RuleName: -
UtcTime: 2025-06-23 08:53:57.054
ProcessGuid: {c00189fc-1613-6859-4c59-000000006900}
ProcessId: 358892
Image: C:\Program Files\WindowsApps\microsoft.windowscommunicationsapps_16005.14326.22342.0_x64__8wekyb3d8bbwe\HxTsr.exe
User: DESKTOP-GHQF7EL\wah43"
정보,2025-06-23 오후 5:53:57,Microsoft-Windows-Sysmon,5,Process terminated (rule: ProcessTerminate),"Process terminated:
RuleName: -
UtcTime: 2025-06-23 08:53:56.992
ProcessGuid: {c00189fc-1624-6859-9059-000000006900}
ProcessId: 369596
Image: C:\Program Files (x86)\iniLINE\CrossEX\crossex\CrossEXService.exe
User: DESKTOP-GHQF7EL\wah43"
정보,2025-06-23 오후 5:53:56,Microsoft-Windows-Sysmon,5,Process terminated (rule: ProcessTerminate),"Process terminated:
RuleName: -
UtcTime: 2025-06-23 08:53:56.461
ProcessGuid: {c00189fc-1624-6859-8d59-000000006900}
ProcessId: 369052
Image: C:\Program Files (x86)\iniLINE\CrossEX\crossex\CrossEXService.exe
User: DESKTOP-GHQF7EL\wah43"
정보,2025-06-23 오후 5:53:56,Microsoft-Windows-Sysmon,5,Process terminated (rule: ProcessTerminate),"Process terminated:
RuleName: -
UtcTime: 2025-06-23 08:53:56.133
ProcessGuid: {c00189fc-1620-6859-6e59-000000006900}
ProcessId: 369328
Image: C:\Program Files (x86)\INITECH\INISAFE Web EX Client\INISAFEAdminUtil.exe
User: DESKTOP-GHQF7EL\wah43"
정보,2025-06-23 오후 5:53:56,Microsoft-Windows-Sysmon,5,Process terminated (rule: ProcessTerminate),"Process terminated:
RuleName: -
UtcTime: 2025-06-23 08:53:56.133
ProcessGuid: {c00189fc-161b-6859-5959-000000006900}
ProcessId: 368124
Image: C:\Kings\KOS\KOSinj.exe
User: DESKTOP-GHQF7EL\wah43"
정보,2025-06-23 오후 5:53:55,Microsoft-Windows-Sysmon,5,Process terminated (rule: ProcessTerminate),"Process terminated:
RuleName: -
UtcTime: 2025-06-23 08:53:55.914
ProcessGuid: {c00189fc-1623-6859-8c59-000000006900}
ProcessId: 369164
Image: C:\Program Files (x86)\iniLINE\CrossEX\crossex\CrossEXService.exe
User: DESKTOP-GHQF7EL\wah43"
정보,2025-06-23 오후 5:53:55,Microsoft-Windows-Sysmon,5,Process terminated (rule: ProcessTerminate),"Process terminated:
RuleName: -
UtcTime: 2025-06-23 08:53:55.883
ProcessGuid: {c00189fc-1623-6859-8b59-000000006900}
ProcessId: 369996
Image: C:\Program Files (x86)\INITECH\INISAFE Web EX Client\INISAFECrossWebEXSvc.exe
User: DESKTOP-GHQF7EL\wah43"
정보,2025-06-23 오후 5:53:55,Microsoft-Windows-Sysmon,5,Process terminated (rule: ProcessTerminate),"Process terminated:
RuleName: -
UtcTime: 2025-06-23 08:53:55.366
ProcessGuid: {c00189fc-1623-6859-8a59-000000006900}
ProcessId: 369788
Image: C:\Program Files (x86)\iniLINE\CrossEX\crossex\CrossEXService.exe
User: DESKTOP-GHQF7EL\wah43"
정보,2025-06-23 오후 5:53:54,Microsoft-Windows-Sysmon,5,Process terminated (rule: ProcessTerminate),"Process terminated:
RuleName: -
UtcTime: 2025-06-23 08:53:54.835
ProcessGuid: {c00189fc-1622-6859-8959-000000006900}
ProcessId: 369064
Image: C:\Program Files (x86)\iniLINE\CrossEX\crossex\CrossEXService.exe
User: DESKTOP-GHQF7EL\wah43"
정보,2025-06-23 오후 5:53:54,Microsoft-Windows-Sysmon,5,Process terminated (rule: ProcessTerminate),"Process terminated:
RuleName: -
UtcTime: 2025-06-23 08:53:54.319
ProcessGuid: {c00189fc-1618-6859-5259-000000006900}
ProcessId: 367276
Image: C:\Windows\System32\backgroundTaskHost.exe
User: DESKTOP-GHQF7EL\wah43"
정보,2025-06-23 오후 5:53:54,Microsoft-Windows-Sysmon,5,Process terminated (rule: ProcessTerminate),"Process terminated:
RuleName: -
UtcTime: 2025-06-23 08:53:54.272
ProcessGuid: {c00189fc-1622-6859-8759-000000006900}
ProcessId: 368012
Image: C:\Program Files (x86)\iniLINE\CrossEX\crossex\CrossEXService.exe
User: DESKTOP-GHQF7EL\wah43"
정보,2025-06-23 오후 5:53:54,Microsoft-Windows-Sysmon,5,Process terminated (rule: ProcessTerminate),"Process terminated:
RuleName: -
UtcTime: 2025-06-23 08:53:54.163
ProcessGuid: {c00189fc-1622-6859-8659-000000006900}
ProcessId: 368964
Image: C:\Windows\System32\RuntimeBroker.exe
User: DESKTOP-GHQF7EL\wah43"
정보,2025-06-23 오후 5:53:54,Microsoft-Windows-Sysmon,5,Process terminated (rule: ProcessTerminate),"Process terminated:
RuleName: -
UtcTime: 2025-06-23 08:53:54.085
ProcessGuid: {c00189fc-1622-6859-8559-000000006900}
ProcessId: 370036
Image: C:\Windows\System32\RuntimeBroker.exe
User: DESKTOP-GHQF7EL\wah43"
정보,2025-06-23 오후 5:53:54,Microsoft-Windows-Sysmon,5,Process terminated (rule: ProcessTerminate),"Process terminated:
RuleName: -
UtcTime: 2025-06-23 08:53:54.007
ProcessGuid: {c00189fc-1622-6859-8459-000000006900}
ProcessId: 368684
Image: C:\Windows\System32\RuntimeBroker.exe
User: DESKTOP-GHQF7EL\wah43"
정보,2025-06-23 오후 5:53:53,Microsoft-Windows-Sysmon,5,Process terminated (rule: ProcessTerminate),"Process terminated:
RuleName: -
UtcTime: 2025-06-23 08:53:53.928
ProcessGuid: {c00189fc-1621-6859-8359-000000006900}
ProcessId: 369888
Image: C:\Windows\System32\RuntimeBroker.exe
User: DESKTOP-GHQF7EL\wah43"
정보,2025-06-23 오후 5:53:53,Microsoft-Windows-Sysmon,5,Process terminated (rule: ProcessTerminate),"Process terminated:
RuleName: -
UtcTime: 2025-06-23 08:53:53.882
ProcessGuid: {c00189fc-1621-6859-8259-000000006900}
ProcessId: 369380
Image: C:\Program Files (x86)\INITECH\INISAFE Web EX Client\INISAFECrossWebEXSvc.exe
User: DESKTOP-GHQF7EL\wah43"
정보,2025-06-23 오후 5:53:53,Microsoft-Windows-Sysmon,5,Process terminated (rule: ProcessTerminate),"Process terminated:
RuleName: -
UtcTime: 2025-06-23 08:53:53.835
ProcessGuid: {c00189fc-1621-6859-8159-000000006900}
ProcessId: 369344
Image: C:\Windows\System32\RuntimeBroker.exe
User: DESKTOP-GHQF7EL\wah43"
정보,2025-06-23 오후 5:53:53,Microsoft-Windows-Sysmon,5,Process terminated (rule: ProcessTerminate),"Process terminated:
RuleName: -
UtcTime: 2025-06-23 08:53:53.772
ProcessGuid: {c00189fc-1621-6859-8059-000000006900}
ProcessId: 365964
Image: C:\Windows\System32\RuntimeBroker.exe
User: DESKTOP-GHQF7EL\wah43"
정보,2025-06-23 오후 5:53:53,Microsoft-Windows-Sysmon,5,Process terminated (rule: ProcessTerminate),"Process terminated:
RuleName: -
UtcTime: 2025-06-23 08:53:53.741
ProcessGuid: {c00189fc-1621-6859-7f59-000000006900}
ProcessId: 366012
Image: C:\Program Files (x86)\iniLINE\CrossEX\crossex\CrossEXService.exe
User: DESKTOP-GHQF7EL\wah43"
정보,2025-06-23 오후 5:53:53,Microsoft-Windows-Sysmon,5,Process terminated (rule: ProcessTerminate),"Process terminated:
RuleName: -
UtcTime: 2025-06-23 08:53:53.725
ProcessGuid: {c00189fc-1621-6859-7e59-000000006900}
ProcessId: 313952
Image: C:\Windows\System32\RuntimeBroker.exe
User: DESKTOP-GHQF7EL\wah43"
정보,2025-06-23 오후 5:53:53,Microsoft-Windows-Sysmon,5,Process terminated (rule: ProcessTerminate),"Process terminated:
RuleName: -
UtcTime: 2025-06-23 08:53:53.647
ProcessGuid: {c00189fc-1621-6859-7d59-000000006900}
ProcessId: 365356
Image: C:\Windows\System32\RuntimeBroker.exe
User: DESKTOP-GHQF7EL\wah43"
정보,2025-06-23 오후 5:53:53,Microsoft-Windows-Sysmon,5,Process terminated (rule: ProcessTerminate),"Process terminated:
RuleName: -
UtcTime: 2025-06-23 08:53:53.585
ProcessGuid: {c00189fc-1621-6859-7c59-000000006900}
ProcessId: 366108
Image: C:\Windows\System32\RuntimeBroker.exe
User: DESKTOP-GHQF7EL\wah43"
정보,2025-06-23 오후 5:53:53,Microsoft-Windows-Sysmon,5,Process terminated (rule: ProcessTerminate),"Process terminated:
RuleName: -
UtcTime: 2025-06-23 08:53:53.522
ProcessGuid: {c00189fc-1621-6859-7b59-000000006900}
ProcessId: 365920
Image: C:\Program Files (x86)\IPinside_LWS\I3GProc.exe
User: DESKTOP-GHQF7EL\wah43"
정보,2025-06-23 오후 5:53:53,Microsoft-Windows-Sysmon,5,Process terminated (rule: ProcessTerminate),"Process terminated:
RuleName: -
UtcTime: 2025-06-23 08:53:53.491
ProcessGuid: {c00189fc-1621-6859-7a59-000000006900}
ProcessId: 365916
Image: C:\Windows\System32\RuntimeBroker.exe
User: DESKTOP-GHQF7EL\wah43"
정보,2025-06-23 오후 5:53:53,Microsoft-Windows-Sysmon,5,Process terminated (rule: ProcessTerminate),"Process terminated:
RuleName: -
UtcTime: 2025-06-23 08:53:53.460
ProcessGuid: {c00189fc-1621-6859-7959-000000006900}
ProcessId: 365308
Image: C:\Windows\System32\RuntimeBroker.exe
User: DESKTOP-GHQF7EL\wah43"
정보,2025-06-23 오후 5:53:53,Microsoft-Windows-Sysmon,5,Process terminated (rule: ProcessTerminate),"Process terminated:
RuleName: -
UtcTime: 2025-06-23 08:53:53.382
ProcessGuid: {c00189fc-1621-6859-7859-000000006900}
ProcessId: 369748
Image: C:\Windows\System32\RuntimeBroker.exe
User: DESKTOP-GHQF7EL\wah43"
정보,2025-06-23 오후 5:53:53,Microsoft-Windows-Sysmon,5,Process terminated (rule: ProcessTerminate),"Process terminated:
RuleName: -
UtcTime: 2025-06-23 08:53:53.350
ProcessGuid: {c00189fc-1621-6859-7759-000000006900}
ProcessId: 370088
Image: C:\Windows\System32\RuntimeBroker.exe
User: DESKTOP-GHQF7EL\wah43"
정보,2025-06-23 오후 5:53:53,Microsoft-Windows-Sysmon,5,Process terminated (rule: ProcessTerminate),"Process terminated:
RuleName: -
UtcTime: 2025-06-23 08:53:53.272
ProcessGuid: {c00189fc-1621-6859-7659-000000006900}
ProcessId: 369532
Image: C:\Windows\System32\RuntimeBroker.exe
User: DESKTOP-GHQF7EL\wah43"
정보,2025-06-23 오후 5:53:53,Microsoft-Windows-Sysmon,5,Process terminated (rule: ProcessTerminate),"Process terminated:
RuleName: -
UtcTime: 2025-06-23 08:53:53.257
ProcessGuid: {c00189fc-1621-6859-7559-000000006900}
ProcessId: 369956
Image: C:\Windows\System32\RuntimeBroker.exe
User: DESKTOP-GHQF7EL\wah43"
정보,2025-06-23 오후 5:53:53,Microsoft-Windows-Sysmon,5,Process terminated (rule: ProcessTerminate),"Process terminated:
RuleName: -
UtcTime: 2025-06-23 08:53:53.194
ProcessGuid: {c00189fc-1621-6859-7459-000000006900}
ProcessId: 369192
Image: C:\Program Files (x86)\iniLINE\CrossEX\crossex\CrossEXService.exe
User: DESKTOP-GHQF7EL\wah43"
정보,2025-06-23 오후 5:53:53,Microsoft-Windows-Sysmon,5,Process terminated (rule: ProcessTerminate),"Process terminated:
RuleName: -
UtcTime: 2025-06-23 08:53:53.178
ProcessGuid: {c00189fc-1621-6859-7359-000000006900}
ProcessId: 369176
Image: C:\Windows\System32\RuntimeBroker.exe
User: DESKTOP-GHQF7EL\wah43"
정보,2025-06-23 오후 5:53:53,Microsoft-Windows-Sysmon,5,Process terminated (rule: ProcessTerminate),"Process terminated:
RuleName: -
UtcTime: 2025-06-23 08:53:53.147
ProcessGuid: {c00189fc-1621-6859-7259-000000006900}
ProcessId: 355164
Image: C:\Windows\System32\RuntimeBroker.exe
User: DESKTOP-GHQF7EL\wah43"
정보,2025-06-23 오후 5:53:53,Microsoft-Windows-Sysmon,5,Process terminated (rule: ProcessTerminate),"Process terminated:
RuleName: -
UtcTime: 2025-06-23 08:53:53.069
ProcessGuid: {c00189fc-1621-6859-7159-000000006900}
ProcessId: 369200
Image: C:\Windows\System32\RuntimeBroker.exe
User: DESKTOP-GHQF7EL\wah43"
정보,2025-06-23 오후 5:53:52,Microsoft-Windows-Sysmon,5,Process terminated (rule: ProcessTerminate),"Process terminated:
RuleName: -
UtcTime: 2025-06-23 08:53:52.991
ProcessGuid: {c00189fc-1620-6859-7059-000000006900}
ProcessId: 368820
Image: C:\Windows\System32\RuntimeBroker.exe
User: DESKTOP-GHQF7EL\wah43"
정보,2025-06-23 오후 5:53:52,Microsoft-Windows-Sysmon,5,Process terminated (rule: ProcessTerminate),"Process terminated:
RuleName: -
UtcTime: 2025-06-23 08:53:52.960
ProcessGuid: {c00189fc-1620-6859-6f59-000000006900}
ProcessId: 406296
Image: C:\Windows\System32\RuntimeBroker.exe
User: DESKTOP-GHQF7EL\wah43"
정보,2025-06-23 오후 5:53:52,Microsoft-Windows-Sysmon,5,Process terminated (rule: ProcessTerminate),"Process terminated:
RuleName: -
UtcTime: 2025-06-23 08:53:52.850
ProcessGuid: {c00189fc-1620-6859-6d59-000000006900}
ProcessId: 369140
Image: C:\Windows\System32\RuntimeBroker.exe
User: DESKTOP-GHQF7EL\wah43"
정보,2025-06-23 오후 5:53:52,Microsoft-Windows-Sysmon,5,Process terminated (rule: ProcessTerminate),"Process terminated:
RuleName: -
UtcTime: 2025-06-23 08:53:52.819
ProcessGuid: {c00189fc-1620-6859-6c59-000000006900}
ProcessId: 369676
Image: C:\Windows\System32\RuntimeBroker.exe
User: DESKTOP-GHQF7EL\wah43"
정보,2025-06-23 오후 5:53:52,Microsoft-Windows-Sysmon,5,Process terminated (rule: ProcessTerminate),"Process terminated:
RuleName: -
UtcTime: 2025-06-23 08:53:52.725
ProcessGuid: {c00189fc-1620-6859-6b59-000000006900}
ProcessId: 368700
Image: C:\Windows\System32\RuntimeBroker.exe
User: DESKTOP-GHQF7EL\wah43"
정보,2025-06-23 오후 5:53:52,Microsoft-Windows-Sysmon,5,Process terminated (rule: ProcessTerminate),"Process terminated:
RuleName: -
UtcTime: 2025-06-23 08:53:52.647
ProcessGuid: {c00189fc-1620-6859-6a59-000000006900}
ProcessId: 359684
Image: C:\Program Files (x86)\iniLINE\CrossEX\crossex\CrossEXService.exe
User: DESKTOP-GHQF7EL\wah43"
정보,2025-06-23 오후 5:53:52,Microsoft-Windows-Sysmon,5,Process terminated (rule: ProcessTerminate),"Process terminated:
RuleName: -
UtcTime: 2025-06-23 08:53:52.553
ProcessGuid: {c00189fc-1620-6859-6959-000000006900}
ProcessId: 369420
Image: C:\Windows\System32\RuntimeBroker.exe
User: DESKTOP-GHQF7EL\wah43"
정보,2025-06-23 오후 5:53:52,Microsoft-Windows-Sysmon,5,Process terminated (rule: ProcessTerminate),"Process terminated:
RuleName: -
UtcTime: 2025-06-23 08:53:52.507
ProcessGuid: {c00189fc-1620-6859-6859-000000006900}
ProcessId: 369076
Image: C:\Windows\System32\RuntimeBroker.exe
User: DESKTOP-GHQF7EL\wah43"
정보,2025-06-23 오후 5:53:52,Microsoft-Windows-Sysmon,5,Process terminated (rule: ProcessTerminate),"Process terminated:
RuleName: -
UtcTime: 2025-06-23 08:53:52.382
ProcessGuid: {c00189fc-1620-6859-6759-000000006900}
ProcessId: 368580
Image: C:\Windows\System32\RuntimeBroker.exe
User: DESKTOP-GHQF7EL\wah43"
정보,2025-06-23 오후 5:53:52,Microsoft-Windows-Sysmon,5,Process terminated (rule: ProcessTerminate),"Process terminated:
RuleName: -
UtcTime: 2025-06-23 08:53:52.163
ProcessGuid: {c00189fc-0549-6859-f657-000000006900}
ProcessId: 315984
Image: C:\Program Files (x86)\Microsoft\Edge\Application\msedge.exe
User: DESKTOP-GHQF7EL\wah43"
정보,2025-06-23 오후 5:53:52,Microsoft-Windows-Sysmon,5,Process terminated (rule: ProcessTerminate),"Process terminated:
RuleName: -
UtcTime: 2025-06-23 08:53:52.100
ProcessGuid: {c00189fc-1620-6859-6659-000000006900}
ProcessId: 368724
Image: C:\Program Files (x86)\iniLINE\CrossEX\crossex\CrossEXService.exe
User: DESKTOP-GHQF7EL\wah43"
정보,2025-06-23 오후 5:53:52,Microsoft-Windows-Sysmon,5,Process terminated (rule: ProcessTerminate),"Process terminated:
RuleName: -
UtcTime: 2025-06-23 08:53:51.991
ProcessGuid: {c00189fc-161f-6859-6559-000000006900}
ProcessId: 368732
Image: C:\Windows\System32\RuntimeBroker.exe
User: DESKTOP-GHQF7EL\wah43"
정보,2025-06-23 오후 5:53:51,Microsoft-Windows-Sysmon,5,Process terminated (rule: ProcessTerminate),"Process terminated:
RuleName: -
UtcTime: 2025-06-23 08:53:51.913
ProcessGuid: {c00189fc-c082-6858-ce4f-000000006900}
ProcessId: 60596
Image: C:\Program Files (x86)\Microsoft\EdgeWebView\Application\137.0.3296.93\msedgewebview2.exe
User: DESKTOP-GHQF7EL\wah43"
정보,2025-06-23 오후 5:53:51,Microsoft-Windows-Sysmon,5,Process terminated (rule: ProcessTerminate),"Process terminated:
RuleName: -
UtcTime: 2025-06-23 08:53:51.850
ProcessGuid: {c00189fc-161f-6859-6459-000000006900}
ProcessId: 369436
Image: C:\Program Files (x86)\INITECH\INISAFE Web EX Client\INISAFECrossWebEXSvc.exe
User: DESKTOP-GHQF7EL\wah43"
정보,2025-06-23 오후 5:53:51,Microsoft-Windows-Sysmon,5,Process terminated (rule: ProcessTerminate),"Process terminated:
RuleName: -
UtcTime: 2025-06-23 08:53:51.757
ProcessGuid: {c00189fc-0558-6859-ff57-000000006900}
ProcessId: 315836
Image: C:\Program Files (x86)\Microsoft\EdgeWebView\Application\137.0.3296.93\msedgewebview2.exe
User: DESKTOP-GHQF7EL\wah43"
정보,2025-06-23 오후 5:53:51,Microsoft-Windows-Sysmon,5,Process terminated (rule: ProcessTerminate),"Process terminated:
RuleName: -
UtcTime: 2025-06-23 08:53:51.553
ProcessGuid: {c00189fc-161f-6859-6359-000000006900}
ProcessId: 369260
Image: C:\Program Files (x86)\iniLINE\CrossEX\crossex\CrossEXService.exe
User: DESKTOP-GHQF7EL\wah43"
정보,2025-06-23 오후 5:53:51,Microsoft-Windows-Sysmon,5,Process terminated (rule: ProcessTerminate),"Process terminated:
RuleName: -
UtcTime: 2025-06-23 08:53:51.132
ProcessGuid: {c00189fc-161b-6859-5c59-000000006900}
ProcessId: 364912
Image: C:\Program Files (x86)\INITECH\INISAFE Web EX Client\INISAFEAdminUtil.exe
User: DESKTOP-GHQF7EL\wah43"
정보,2025-06-23 오후 5:53:51,Microsoft-Windows-Sysmon,5,Process terminated (rule: ProcessTerminate),"Process terminated:
RuleName: -
UtcTime: 2025-06-23 08:53:51.132
ProcessGuid: {c00189fc-161b-6859-5a59-000000006900}
ProcessId: 368544
Image: C:\Kings\KOS\KOSinj64.exe
User: DESKTOP-GHQF7EL\wah43"
정보,2025-06-23 오후 5:53:51,Microsoft-Windows-Sysmon,5,Process terminated (rule: ProcessTerminate),"Process terminated:
RuleName: -
UtcTime: 2025-06-23 08:53:51.069
ProcessGuid: {c00189fc-161e-6859-6259-000000006900}
ProcessId: 358476
Image: C:\Program Files (x86)\iniLINE\CrossEX\crossex\CrossEXService.exe
User: DESKTOP-GHQF7EL\wah43"
정보,2025-06-23 오후 5:53:51,Microsoft-Windows-Sysmon,5,Process terminated (rule: ProcessTerminate),"Process terminated:
RuleName: -
UtcTime: 2025-06-23 08:53:51.069
ProcessGuid: {c00189fc-be96-6858-5e4f-000000006900}
ProcessId: 58596
Image: C:\Windows\System32\dllhost.exe
User: DESKTOP-GHQF7EL\wah43"
정보,2025-06-23 오후 5:53:51,Microsoft-Windows-Sysmon,5,Process terminated (rule: ProcessTerminate),"Process terminated:
RuleName: -
UtcTime: 2025-06-23 08:53:51.069
ProcessGuid: {c00189fc-b72c-6858-244d-000000006900}
ProcessId: 575316
Image: C:\Windows\System32\dllhost.exe
User: DESKTOP-GHQF7EL\wah43"
정보,2025-06-23 오후 5:53:50,Microsoft-Windows-Sysmon,5,Process terminated (rule: ProcessTerminate),"Process terminated:
RuleName: -
UtcTime: 2025-06-23 08:53:50.960
ProcessGuid: {c00189fc-b736-6858-434d-000000006900}
ProcessId: 577900
Image: C:\Program Files\AhnLab\Safe Transaction\StSess.exe
User: DESKTOP-GHQF7EL\wah43"
정보,2025-06-23 오후 5:53:50,Microsoft-Windows-Sysmon,5,Process terminated (rule: ProcessTerminate),"Process terminated:
RuleName: -
UtcTime: 2025-06-23 08:53:50.491
ProcessGuid: {c00189fc-161e-6859-6159-000000006900}
ProcessId: 368416
Image: C:\Program Files (x86)\iniLINE\CrossEX\crossex\CrossEXService.exe
User: DESKTOP-GHQF7EL\wah43"
정보,2025-06-23 오후 5:53:49,Microsoft-Windows-Sysmon,5,Process terminated (rule: ProcessTerminate),"Process terminated:
RuleName: -
UtcTime: 2025-06-23 08:53:49.897
ProcessGuid: {c00189fc-161d-6859-6059-000000006900}
ProcessId: 368500
Image: C:\Program Files (x86)\iniLINE\CrossEX\crossex\CrossEXService.exe
User: DESKTOP-GHQF7EL\wah43"
정보,2025-06-23 오후 5:53:49,Microsoft-Windows-Sysmon,5,Process terminated (rule: ProcessTerminate),"Process terminated:
RuleName: -
UtcTime: 2025-06-23 08:53:49.522
ProcessGuid: {c00189fc-c083-6858-d14f-000000006900}
ProcessId: 67244
Image: C:\Program Files (x86)\Microsoft\EdgeWebView\Application\137.0.3296.93\msedgewebview2.exe
User: DESKTOP-GHQF7EL\wah43"
정보,2025-06-23 오후 5:53:49,Microsoft-Windows-Sysmon,5,Process terminated (rule: ProcessTerminate),"Process terminated:
RuleName: -
UtcTime: 2025-06-23 08:53:49.382
ProcessGuid: {c00189fc-c083-6858-d04f-000000006900}
ProcessId: 70252
Image: C:\Program Files (x86)\Microsoft\EdgeWebView\Application\137.0.3296.93\msedgewebview2.exe
User: DESKTOP-GHQF7EL\wah43"
정보,2025-06-23 오후 5:53:49,Microsoft-Windows-Sysmon,5,Process terminated (rule: ProcessTerminate),"Process terminated:
RuleName: -
UtcTime: 2025-06-23 08:53:49.382
ProcessGuid: {c00189fc-054a-6859-f757-000000006900}
ProcessId: 316288
Image: C:\Program Files (x86)\Microsoft\Edge\Application\msedge.exe
User: DESKTOP-GHQF7EL\wah43"
정보,2025-06-23 오후 5:53:49,Microsoft-Windows-Sysmon,5,Process terminated (rule: ProcessTerminate),"Process terminated:
RuleName: -
UtcTime: 2025-06-23 08:53:49.350
ProcessGuid: {c00189fc-161d-6859-5f59-000000006900}
ProcessId: 368608
Image: C:\Program Files (x86)\iniLINE\CrossEX\crossex\CrossEXService.exe
User: DESKTOP-GHQF7EL\wah43"
정보,2025-06-23 오후 5:53:49,Microsoft-Windows-Sysmon,5,Process terminated (rule: ProcessTerminate),"Process terminated:
RuleName: -
UtcTime: 2025-06-23 08:53:49.225
ProcessGuid: {c00189fc-c070-6858-cb4f-000000006900}
ProcessId: 67408
Image: C:\Program Files (x86)\Kakao\KakaoTalk\KakaoTalk.exe
User: DESKTOP-GHQF7EL\wah43"
정보,2025-06-23 오후 5:53:49,Microsoft-Windows-Sysmon,5,Process terminated (rule: ProcessTerminate),"Process terminated:
RuleName: -
UtcTime: 2025-06-23 08:53:49.163
ProcessGuid: {c00189fc-c083-6858-cf4f-000000006900}
ProcessId: 70264
Image: C:\Program Files (x86)\Microsoft\EdgeWebView\Application\137.0.3296.93\msedgewebview2.exe
User: DESKTOP-GHQF7EL\wah43"
정보,2025-06-23 오후 5:53:49,Microsoft-Windows-Sysmon,5,Process terminated (rule: ProcessTerminate),"Process terminated:
RuleName: -
UtcTime: 2025-06-23 08:53:49.116
ProcessGuid: {c00189fc-054a-6859-f957-000000006900}
ProcessId: 314808
Image: C:\Program Files (x86)\Microsoft\Edge\Application\msedge.exe
User: DESKTOP-GHQF7EL\wah43"
정보,2025-06-23 오후 5:53:49,Microsoft-Windows-Sysmon,5,Process terminated (rule: ProcessTerminate),"Process terminated:
RuleName: -
UtcTime: 2025-06-23 08:53:49.053
ProcessGuid: {c00189fc-054a-6859-f857-000000006900}
ProcessId: 316252
Image: C:\Program Files (x86)\Microsoft\Edge\Application\msedge.exe
User: DESKTOP-GHQF7EL\wah43"
정보,2025-06-23 오후 5:53:49,Microsoft-Windows-Sysmon,5,Process terminated (rule: ProcessTerminate),"Process terminated:
RuleName: -
UtcTime: 2025-06-23 08:53:49.038
ProcessGuid: {c00189fc-e0a7-6858-1355-000000006900}
ProcessId: 205876
Image: C:\Windows\System32\MusNotifyIcon.exe
User: DESKTOP-GHQF7EL\wah43"
정보,2025-06-23 오후 5:53:48,Microsoft-Windows-Sysmon,5,Process terminated (rule: ProcessTerminate),"Process terminated:
RuleName: -
UtcTime: 2025-06-23 08:53:48.850
ProcessGuid: {c00189fc-161c-6859-5e59-000000006900}
ProcessId: 368664
Image: C:\Program Files (x86)\iniLINE\CrossEX\crossex\CrossEXService.exe
User: DESKTOP-GHQF7EL\wah43"
정보,2025-06-23 오후 5:53:48,Microsoft-Windows-Sysmon,5,Process terminated (rule: ProcessTerminate),"Process terminated:
RuleName: -
UtcTime: 2025-06-23 08:53:48.757
ProcessGuid: {c00189fc-b7d2-6858-104e-000000006900}
ProcessId: 11812
Image: C:\Program Files\Microsoft OneDrive\25.095.0518.0002\Microsoft.SharePoint.exe
User: DESKTOP-GHQF7EL\wah43"
정보,2025-06-23 오후 5:53:48,Microsoft-Windows-Sysmon,5,Process terminated (rule: ProcessTerminate),"Process terminated:
RuleName: -
UtcTime: 2025-06-23 08:53:48.272
ProcessGuid: {c00189fc-161c-6859-5d59-000000006900}
ProcessId: 40928
Image: C:\Program Files (x86)\iniLINE\CrossEX\crossex\CrossEXService.exe
User: DESKTOP-GHQF7EL\wah43"
정보,2025-06-23 오후 5:53:47,Microsoft-Windows-Sysmon,5,Process terminated (rule: ProcessTerminate),"Process terminated:
RuleName: -
UtcTime: 2025-06-23 08:53:47.866
ProcessGuid: {c00189fc-161b-6859-5b59-000000006900}
ProcessId: 366528
Image: C:\Program Files (x86)\iniLINE\CrossEX\crossex\CrossEXService.exe
User: DESKTOP-GHQF7EL\wah43"
정보,2025-06-23 오후 5:53:47,Microsoft-Windows-Sysmon,5,Process terminated (rule: ProcessTerminate),"Process terminated:
RuleName: -
UtcTime: 2025-06-23 08:53:47.085
ProcessGuid: {c00189fc-161a-6859-5859-000000006900}
ProcessId: 368336
Image: C:\Program Files (x86)\iniLINE\CrossEX\crossex\CrossEXService.exe
User: DESKTOP-GHQF7EL\wah43"
정보,2025-06-23 오후 5:53:46,Microsoft-Windows-Sysmon,5,Process terminated (rule: ProcessTerminate),"Process terminated:
RuleName: -
UtcTime: 2025-06-23 08:53:46.614
ProcessGuid: {c00189fc-0549-6859-f457-000000006900}
ProcessId: 314684
Image: C:\Program Files (x86)\Microsoft\Edge\Application\msedge.exe
User: DESKTOP-GHQF7EL\wah43"
정보,2025-06-23 오후 5:53:46,Microsoft-Windows-Sysmon,5,Process terminated (rule: ProcessTerminate),"Process terminated:
RuleName: -
UtcTime: 2025-06-23 08:53:46.507
ProcessGuid: {c00189fc-b74f-6858-794d-000000006900}
ProcessId: 583116
Image: C:\Windows\System32\conhost.exe
User: DESKTOP-GHQF7EL\wah43"
정보,2025-06-23 오후 5:53:46,Microsoft-Windows-Sysmon,5,Process terminated (rule: ProcessTerminate),"Process terminated:
RuleName: -
UtcTime: 2025-06-23 08:53:46.502
ProcessGuid: {c00189fc-b74f-6858-784d-000000006900}
ProcessId: 583104
Image: C:\Windows\System32\cmd.exe
User: DESKTOP-GHQF7EL\wah43"
정보,2025-06-23 오후 5:53:46,Microsoft-Windows-Sysmon,5,Process terminated (rule: ProcessTerminate),"Process terminated:
RuleName: -
UtcTime: 2025-06-23 08:53:46.490
ProcessGuid: {c00189fc-c081-6858-cd4f-000000006900}
ProcessId: 69556
Image: C:\Program Files (x86)\Microsoft\EdgeWebView\Application\137.0.3296.93\msedgewebview2.exe
User: DESKTOP-GHQF7EL\wah43"
정보,2025-06-23 오후 5:53:46,Microsoft-Windows-Sysmon,5,Process terminated (rule: ProcessTerminate),"Process terminated:
RuleName: -
UtcTime: 2025-06-23 08:53:46.381
ProcessGuid: {c00189fc-b74c-6858-6f4d-000000006900}
ProcessId: 582500
Image: C:\Users\wah43\AppData\Local\Programs\schedo\스케두.exe
User: DESKTOP-GHQF7EL\wah43"
정보,2025-06-23 오후 5:53:46,Microsoft-Windows-Sysmon,5,Process terminated (rule: ProcessTerminate),"Process terminated:
RuleName: -
UtcTime: 2025-06-23 08:53:46.316
ProcessGuid: {c00189fc-b749-6858-684d-000000006900}
ProcessId: 581120
Image: C:\Users\wah43\AppData\Local\Programs\schedo\스케두.exe
User: DESKTOP-GHQF7EL\wah43"
정보,2025-06-23 오후 5:53:46,Microsoft-Windows-Sysmon,5,Process terminated (rule: ProcessTerminate),"Process terminated:
RuleName: -
UtcTime: 2025-06-23 08:53:46.313
ProcessGuid: {c00189fc-b752-6858-7e4d-000000006900}
ProcessId: 583456
Image: C:\Xilinx\xic\tps\win64\jre11.0.11_9\bin\java.exe
User: DESKTOP-GHQF7EL\wah43"
정보,2025-06-23 오후 5:53:46,Microsoft-Windows-Sysmon,5,Process terminated (rule: ProcessTerminate),"Process terminated:
RuleName: -
UtcTime: 2025-06-23 08:53:46.306
ProcessGuid: {c00189fc-b748-6858-664d-000000006900}
ProcessId: 580876
Image: C:\Users\wah43\AppData\Local\MathWorks\ServiceHost\v2025.5.1.1\bin\win64\MathWorksServiceHost.exe
User: DESKTOP-GHQF7EL\wah43"
정보,2025-06-23 오후 5:53:46,Microsoft-Windows-Sysmon,5,Process terminated (rule: ProcessTerminate),"Process terminated:
RuleName: -
UtcTime: 2025-06-23 08:53:46.297
ProcessGuid: {c00189fc-b75e-6858-8f4d-000000006900}
ProcessId: 572112
Image: C:\Users\wah43\AppData\Local\MathWorks\ServiceHost\v2025.5.1.1\bin\win64\MathWorksServiceHost-Monitor.exe
User: DESKTOP-GHQF7EL\wah43"
정보,2025-06-23 오후 5:53:46,Microsoft-Windows-Sysmon,5,Process terminated (rule: ProcessTerminate),"Process terminated:
RuleName: -
UtcTime: 2025-06-23 08:53:46.264
ProcessGuid: {c00189fc-b752-6858-7f4d-000000006900}
ProcessId: 583548
Image: C:\Program Files (x86)\Hnc\Office 2020\HncUtils\Service\HncUpdateTray.exe
User: DESKTOP-GHQF7EL\wah43"
정보,2025-06-23 오후 5:53:46,Microsoft-Windows-Sysmon,5,Process terminated (rule: ProcessTerminate),"Process terminated:
RuleName: -
UtcTime: 2025-06-23 08:53:46.102
ProcessGuid: {c00189fc-b74d-6858-734d-000000006900}
ProcessId: 582648
Image: C:\Users\wah43\AppData\Local\Programs\schedo\스케두.exe
User: DESKTOP-GHQF7EL\wah43"
정보,2025-06-23 오후 5:53:46,Microsoft-Windows-Sysmon,5,Process terminated (rule: ProcessTerminate),"Process terminated:
RuleName: -
UtcTime: 2025-06-23 08:53:46.091
ProcessGuid: {c00189fc-b74d-6858-714d-000000006900}
ProcessId: 582588
Image: C:\Users\wah43\AppData\Local\Programs\schedo\스케두.exe
User: DESKTOP-GHQF7EL\wah43"
정보,2025-06-23 오후 5:53:46,Microsoft-Windows-Sysmon,5,Process terminated (rule: ProcessTerminate),"Process terminated:
RuleName: -
UtcTime: 2025-06-23 08:53:46.089
ProcessGuid: {c00189fc-1613-6859-4b59-000000006900}
ProcessId: 359172
Image: C:\Windows\System32\SearchProtocolHost.exe
User: DESKTOP-GHQF7EL\wah43"
정보,2025-06-23 오후 5:53:46,Microsoft-Windows-Sysmon,5,Process terminated (rule: ProcessTerminate),"Process terminated:
RuleName: -
UtcTime: 2025-06-23 08:53:46.077
ProcessGuid: {c00189fc-160d-6859-4859-000000006900}
ProcessId: 359680
Image: C:\Windows\System32\LocationNotificationWindows.exe
User: DESKTOP-GHQF7EL\wah43"
정보,2025-06-23 오후 5:53:46,Microsoft-Windows-Sysmon,5,Process terminated (rule: ProcessTerminate),"Process terminated:
RuleName: -
UtcTime: 2025-06-23 08:53:46.074
ProcessGuid: {c00189fc-112e-6859-e158-000000006900}
ProcessId: 350088
Image: C:\Windows\System32\smartscreen.exe
User: DESKTOP-GHQF7EL\wah43"
정보,2025-06-23 오후 5:53:46,Microsoft-Windows-Sysmon,5,Process terminated (rule: ProcessTerminate),"Process terminated:
RuleName: -
UtcTime: 2025-06-23 08:53:46.070
ProcessGuid: {c00189fc-b740-6858-4e4d-000000006900}
ProcessId: 579600
Image: C:\Program Files\AhnLab\Safe Transaction\Nz32\StSess32.exe
User: DESKTOP-GHQF7EL\wah43"
정보,2025-06-23 오후 5:53:46,Microsoft-Windows-Sysmon,5,Process terminated (rule: ProcessTerminate),"Process terminated:
RuleName: -
UtcTime: 2025-06-23 08:53:46.015
ProcessGuid: {c00189fc-b72e-6858-364d-000000006900}
ProcessId: 576472
Image: C:\Program Files (x86)\iniLINE\CrossEX\crossex\CrossEXService.exe
User: DESKTOP-GHQF7EL\wah43"
정보,2025-06-23 오후 5:53:46,Microsoft-Windows-Sysmon,5,Process terminated (rule: ProcessTerminate),"Process terminated:
RuleName: -
UtcTime: 2025-06-23 08:53:45.991
ProcessGuid: {c00189fc-b72c-6858-2f4d-000000006900}
ProcessId: 575804
Image: C:\Windows\System32\DriverStore\FileRepository\cui_dch.inf_amd64_38cfab2b652e4701\igfxEM.exe
User: DESKTOP-GHQF7EL\wah43"
정보,2025-06-23 오후 5:53:46,Microsoft-Windows-Sysmon,5,Process terminated (rule: ProcessTerminate),"Process terminated:
RuleName: -
UtcTime: 2025-06-23 08:53:45.990
ProcessGuid: {c00189fc-b730-6858-3b4d-000000006900}
ProcessId: 576836
Image: C:\Program Files (x86)\IPinside_LWS\I3GProc.exe
User: DESKTOP-GHQF7EL\wah43"
정보,2025-06-23 오후 5:53:46,Microsoft-Windows-Sysmon,5,Process terminated (rule: ProcessTerminate),"Process terminated:
RuleName: -
UtcTime: 2025-06-23 08:53:45.953
ProcessGuid: {c00189fc-b736-6858-414d-000000006900}
ProcessId: 577700
Image: C:\Program Files (x86)\INITECH\INISAFE Web EX Client\INISAFECrossWebEXSvc.exe
User: DESKTOP-GHQF7EL\wah43"
정보,2025-06-23 오후 5:53:46,Microsoft-Windows-Sysmon,5,Process terminated (rule: ProcessTerminate),"Process terminated:
RuleName: -
UtcTime: 2025-06-23 08:53:45.938
ProcessGuid: {c00189fc-bb81-6858-f64e-000000006900}
ProcessId: 47480
Image: C:\Windows\System32\CompPkgSrv.exe
User: DESKTOP-GHQF7EL\wah43"
정보,2025-06-23 오후 5:53:46,Microsoft-Windows-Sysmon,5,Process terminated (rule: ProcessTerminate),"Process terminated:
RuleName: -
UtcTime: 2025-06-23 08:53:45.934
ProcessGuid: {c00189fc-b72d-6858-314d-000000006900}
ProcessId: 575976
Image: C:\Kings\KOS\KOSinj.exe
User: DESKTOP-GHQF7EL\wah43"
정보,2025-06-23 오후 5:53:45,Microsoft-Windows-Sysmon,5,Process terminated (rule: ProcessTerminate),"Process terminated:
RuleName: -
UtcTime: 2025-06-23 08:53:45.904
ProcessGuid: {c00189fc-b753-6858-824d-000000006900}
ProcessId: 583188
Image: C:\Program Files (x86)\MarkAny\EPSBroker\MaEPSBroker.exe
User: DESKTOP-GHQF7EL\wah43"
정보,2025-06-23 오후 5:53:45,Microsoft-Windows-Sysmon,5,Process terminated (rule: ProcessTerminate),"Process terminated:
RuleName: -
UtcTime: 2025-06-23 08:53:45.902
ProcessGuid: {c00189fc-b7d7-6858-194e-000000006900}
ProcessId: 21144
Image: C:\Windows\System32\oobe\UserOOBEBroker.exe
User: DESKTOP-GHQF7EL\wah43"
정보,2025-06-23 오후 5:53:45,Microsoft-Windows-Sysmon,5,Process terminated (rule: ProcessTerminate),"Process terminated:
RuleName: -
UtcTime: 2025-06-23 08:53:45.878
ProcessGuid: {c00189fc-b746-6858-624d-000000006900}
ProcessId: 580676
Image: C:\Windows\System32\SecurityHealthSystray.exe
User: DESKTOP-GHQF7EL\wah43"
정보,2025-06-23 오후 5:53:45,Microsoft-Windows-Sysmon,5,Process terminated (rule: ProcessTerminate),"Process terminated:
RuleName: -
UtcTime: 2025-06-23 08:53:45.865
ProcessGuid: {c00189fc-b72c-6858-254d-000000006900}
ProcessId: 575360
Image: C:\Program Files (x86)\SoftForum\XecureWeb\AnySign\dll\AnySign4PC.exe
User: DESKTOP-GHQF7EL\wah43"
정보,2025-06-23 오후 5:53:45,Microsoft-Windows-Sysmon,5,Process terminated (rule: ProcessTerminate),"Process terminated:
RuleName: -
UtcTime: 2025-06-23 08:53:45.854
ProcessGuid: {c00189fc-b72e-6858-354d-000000006900}
ProcessId: 576360
Image: C:\Program Files (x86)\INITECH\INISAFE Web EX Client\INISAFEAdminUtil.exe
User: DESKTOP-GHQF7EL\wah43"
정보,2025-06-23 오후 5:53:45,Microsoft-Windows-Sysmon,5,Process terminated (rule: ProcessTerminate),"Process terminated:
RuleName: -
UtcTime: 2025-06-23 08:53:45.840
ProcessGuid: {c00189fc-b72d-6858-324d-000000006900}
ProcessId: 576028
Image: C:\Kings\KOS\KOSinj64.exe
User: DESKTOP-GHQF7EL\wah43"
정보,2025-06-23 오후 5:53:44,Microsoft-Windows-Sysmon,5,Process terminated (rule: ProcessTerminate),"Process terminated:
RuleName: -
UtcTime: 2025-06-23 08:53:44.956
ProcessGuid: {c00189fc-1618-6859-5059-000000006900}
ProcessId: 367012
Image: C:\Windows\System32\smss.exe
User: NT AUTHORITY\SYSTEM"
정보,2025-06-23 오후 5:53:43,Microsoft-Windows-Sysmon,5,Process terminated (rule: ProcessTerminate),"Process terminated:
RuleName: -
UtcTime: 2025-06-23 08:53:43.098
ProcessGuid: {c00189fc-f15a-6858-2156-000000006900}
ProcessId: 250132
Image: C:\Program Files\Google\Chrome\Application\chrome.exe
User: DESKTOP-GHQF7EL\wah43"
정보,2025-06-23 오후 5:53:42,Microsoft-Windows-Sysmon,5,Process terminated (rule: ProcessTerminate),"Process terminated:
RuleName: -
UtcTime: 2025-06-23 08:53:42.994
ProcessGuid: {c00189fc-f15a-6858-2056-000000006900}
ProcessId: 250644
Image: C:\Program Files\Google\Chrome\Application\chrome.exe
User: DESKTOP-GHQF7EL\wah43"
정보,2025-06-23 오후 5:53:42,Microsoft-Windows-Sysmon,5,Process terminated (rule: ProcessTerminate),"Process terminated:
RuleName: -
UtcTime: 2025-06-23 08:53:42.600
ProcessGuid: {c00189fc-f15b-6858-2256-000000006900}
ProcessId: 249896
Image: C:\Program Files\Google\Chrome\Application\chrome.exe
User: DESKTOP-GHQF7EL\wah43"
정보,2025-06-23 오후 5:53:42,Microsoft-Windows-Sysmon,5,Process terminated (rule: ProcessTerminate),"Process terminated:
RuleName: -
UtcTime: 2025-06-23 08:53:42.585
ProcessGuid: {c00189fc-fcd7-6858-4257-000000006900}
ProcessId: 81368
Image: C:\Program Files\Google\Chrome\Application\chrome.exe
User: DESKTOP-GHQF7EL\wah43"
정보,2025-06-23 오후 5:53:42,Microsoft-Windows-Sysmon,5,Process terminated (rule: ProcessTerminate),"Process terminated:
RuleName: -
UtcTime: 2025-06-23 08:53:42.222
ProcessGuid: {c00189fc-fcaa-6858-3857-000000006900}
ProcessId: 281740
Image: C:\Program Files\Google\Chrome\Application\chrome.exe
User: DESKTOP-GHQF7EL\wah43"
정보,2025-06-23 오후 5:53:42,Microsoft-Windows-Sysmon,5,Process terminated (rule: ProcessTerminate),"Process terminated:
RuleName: -
UtcTime: 2025-06-23 08:53:42.167
ProcessGuid: {c00189fc-f15b-6858-2556-000000006900}
ProcessId: 250016
Image: C:\Program Files\Google\Chrome\Application\chrome.exe
User: DESKTOP-GHQF7EL\wah43"
정보,2025-06-23 오후 5:53:42,Microsoft-Windows-Sysmon,5,Process terminated (rule: ProcessTerminate),"Process terminated:
RuleName: -
UtcTime: 2025-06-23 08:53:42.117
ProcessGuid: {c00189fc-f15b-6858-2356-000000006900}
ProcessId: 251020
Image: C:\Program Files\Google\Chrome\Application\chrome.exe
User: DESKTOP-GHQF7EL\wah43"
정보,2025-06-23 오후 5:53:41,Microsoft-Windows-Sysmon,5,Process terminated (rule: ProcessTerminate),"Process terminated:
RuleName: -
UtcTime: 2025-06-23 08:53:41.802
ProcessGuid: {c00189fc-1611-6859-4959-000000006900}
ProcessId: 367244
Image: C:\Program Files\Google\Chrome\Application\chrome.exe
User: DESKTOP-GHQF7EL\wah43"
정보,2025-06-23 오후 5:53:41,Microsoft-Windows-Sysmon,5,Process terminated (rule: ProcessTerminate),"Process terminated:
RuleName: -
UtcTime: 2025-06-23 08:53:41.797
ProcessGuid: {c00189fc-1611-6859-4a59-000000006900}
ProcessId: 367216
Image: C:\Program Files\Google\Chrome\Application\chrome.exe
User: DESKTOP-GHQF7EL\wah43"
정보,2025-06-23 오후 5:53:41,Microsoft-Windows-Sysmon,5,Process terminated (rule: ProcessTerminate),"Process terminated:
RuleName: -
UtcTime: 2025-06-23 08:53:41.741
ProcessGuid: {c00189fc-1159-6859-ea58-000000006900}
ProcessId: 350072
Image: C:\Program Files\Google\Chrome\Application\chrome.exe
User: DESKTOP-GHQF7EL\wah43"
정보,2025-06-23 오후 5:53:39,Microsoft-Windows-Sysmon,5,Process terminated (rule: ProcessTerminate),"Process terminated:
RuleName: -
UtcTime: 2025-06-23 08:53:39.921
ProcessGuid: {c00189fc-1236-6859-0c59-000000006900}
ProcessId: 355324
Image: C:\Windows\System32\conhost.exe
User: DESKTOP-GHQF7EL\wah43"
정보,2025-06-23 오후 5:53:39,Microsoft-Windows-Sysmon,5,Process terminated (rule: ProcessTerminate),"Process terminated:
RuleName: -
UtcTime: 2025-06-23 08:53:39.899
ProcessGuid: {c00189fc-1235-6859-0b59-000000006900}
ProcessId: 348708
Image: C:\Windows\System32\WindowsPowerShell\v1.0\powershell.exe
User: DESKTOP-GHQF7EL\wah43"
정보,2025-06-23 오후 5:53:39,Microsoft-Windows-Sysmon,5,Process terminated (rule: ProcessTerminate),"Process terminated:
RuleName: -
UtcTime: 2025-06-23 08:53:39.684
ProcessGuid: {c00189fc-f163-6858-3056-000000006900}
ProcessId: 251040
Image: C:\Program Files\Google\Chrome\Application\chrome.exe
User: DESKTOP-GHQF7EL\wah43"
정보,2025-06-23 오후 5:53:39,Microsoft-Windows-Sysmon,5,Process terminated (rule: ProcessTerminate),"Process terminated:
RuleName: -
UtcTime: 2025-06-23 08:53:39.593
ProcessGuid: {c00189fc-12e3-6859-1859-000000006900}
ProcessId: 356692
Image: C:\Windows\System32\mmc.exe
User: DESKTOP-GHQF7EL\wah43"
정보,2025-06-23 오후 5:53:38,Microsoft-Windows-Sysmon,5,Process terminated (rule: ProcessTerminate),"Process terminated:
RuleName: -
UtcTime: 2025-06-23 08:53:38.792
ProcessGuid: {c00189fc-11b3-6859-f658-000000006900}
ProcessId: 352756
Image: C:\Windows\System32\notepad.exe
User: DESKTOP-GHQF7EL\wah43"
정보,2025-06-23 오후 5:53:34,Microsoft-Windows-Sysmon,5,Process terminated (rule: ProcessTerminate),"Process terminated:
RuleName: -
UtcTime: 2025-06-23 08:53:34.738
ProcessGuid: {c00189fc-11dc-6859-fd58-000000006900}
ProcessId: 324056
Image: C:\Windows\System32\conhost.exe
User: DESKTOP-GHQF7EL\wah43"
정보,2025-06-23 오후 5:53:34,Microsoft-Windows-Sysmon,5,Process terminated (rule: ProcessTerminate),"Process terminated:
RuleName: -
UtcTime: 2025-06-23 08:53:34.717
ProcessGuid: {c00189fc-11db-6859-fc58-000000006900}
ProcessId: 336776
Image: C:\Windows\System32\cmd.exe
User: DESKTOP-GHQF7EL\wah43"
정보,2025-06-23 오후 5:53:32,Microsoft-Windows-Sysmon,5,Process terminated (rule: ProcessTerminate),"Process terminated:
RuleName: -
UtcTime: 2025-06-23 08:53:32.702
ProcessGuid: {c00189fc-1432-6859-2e59-000000006900}
ProcessId: 361768
Image: C:\Program Files\Google\Chrome\Application\chrome.exe
User: DESKTOP-GHQF7EL\wah43"
정보,2025-06-23 오후 5:53:15,Microsoft-Windows-Sysmon,5,Process terminated (rule: ProcessTerminate),"Process terminated:
RuleName: -
UtcTime: 2025-06-23 08:53:15.690
ProcessGuid: {c00189fc-153c-6859-3959-000000006900}
ProcessId: 306472
Image: C:\Windows\System32\svchost.exe
User: NT AUTHORITY\SYSTEM"
정보,2025-06-23 오후 5:52:18,Microsoft-Windows-Sysmon,5,Process terminated (rule: ProcessTerminate),"Process terminated:
RuleName: -
UtcTime: 2025-06-23 08:52:18.484
ProcessGuid: {c00189fc-156d-6859-4259-000000006900}
ProcessId: 366160
Image: C:\Program Files\Google\Chrome\Application\chrome.exe
User: DESKTOP-GHQF7EL\wah43"
정보,2025-06-23 오후 5:52:16,Microsoft-Windows-Sysmon,5,Process terminated (rule: ProcessTerminate),"Process terminated:
RuleName: -
UtcTime: 2025-06-23 08:52:16.045
ProcessGuid: {c00189fc-15b5-6859-4459-000000006900}
ProcessId: 365024
Image: C:\Program Files (x86)\Microsoft\Edge\Application\137.0.3296.93\identity_helper.exe
User: DESKTOP-GHQF7EL\wah43"
정보,2025-06-23 오후 5:52:08,Microsoft-Windows-Sysmon,5,Process terminated (rule: ProcessTerminate),"Process terminated:
RuleName: -
UtcTime: 2025-06-23 08:52:08.513
ProcessGuid: {c00189fc-153c-6859-3859-000000006900}
ProcessId: 364548
Image: C:\Windows\servicing\TrustedInstaller.exe
User: NT AUTHORITY\SYSTEM"
정보,2025-06-23 오후 5:52:08,Microsoft-Windows-Sysmon,5,Process terminated (rule: ProcessTerminate),"Process terminated:
RuleName: -
UtcTime: 2025-06-23 08:52:08.505
ProcessGuid: {c00189fc-153d-6859-3b59-000000006900}
ProcessId: 364456
Image: C:\Windows\WinSxS\amd64_microsoft-windows-servicingstack_31bf3856ad364e35_10.0.19041.5911_none_7dd4fd687cb889e8\TiWorker.exe
User: NT AUTHORITY\SYSTEM"
정보,2025-06-23 오후 5:52:06,Microsoft-Windows-Sysmon,5,Process terminated (rule: ProcessTerminate),"Process terminated:
RuleName: -
UtcTime: 2025-06-23 08:52:06.055
ProcessGuid: {c00189fc-135d-6859-2359-000000006900}
ProcessId: 356208
Image: C:\Windows\System32\svchost.exe
User: NT AUTHORITY\SYSTEM"
정보,2025-06-23 오후 5:52:04,Microsoft-Windows-Sysmon,5,Process terminated (rule: ProcessTerminate),"Process terminated:
RuleName: -
UtcTime: 2025-06-23 08:52:04.987
ProcessGuid: {c00189fc-15b4-6859-4359-000000006900}
ProcessId: 365220
Image: C:\Program Files (x86)\Microsoft\Edge\Application\137.0.3296.93\identity_helper.exe
User: DESKTOP-GHQF7EL\wah43"
정보,2025-06-23 오후 5:51:53,Microsoft-Windows-Sysmon,5,Process terminated (rule: ProcessTerminate),"Process terminated:
RuleName: -
UtcTime: 2025-06-23 08:51:53.517
ProcessGuid: {c00189fc-156a-6859-4159-000000006900}
ProcessId: 366728
Image: C:\Program Files\Google\Chrome\Application\chrome.exe
User: DESKTOP-GHQF7EL\wah43"
정보,2025-06-23 오후 5:51:16,Microsoft-Windows-Sysmon,5,Process terminated (rule: ProcessTerminate),"Process terminated:
RuleName: -
UtcTime: 2025-06-23 08:51:16.627
ProcessGuid: {c00189fc-153d-6859-3c59-000000006900}
ProcessId: 360888
Image: C:\Windows\System32\wbem\WmiPrvSE.exe
User: NT AUTHORITY\NETWORK SERVICE"
정보,2025-06-23 오후 5:51:07,Microsoft-Windows-Sysmon,5,Process terminated (rule: ProcessTerminate),"Process terminated:
RuleName: -
UtcTime: 2025-06-23 08:51:07.169
ProcessGuid: {c00189fc-153f-6859-4059-000000006900}
ProcessId: 364960
Image: C:\Windows\System32\svchost.exe
User: NT AUTHORITY\SYSTEM"
정보,2025-06-23 오후 5:50:38,Microsoft-Windows-Sysmon,5,Process terminated (rule: ProcessTerminate),"Process terminated:
RuleName: -
UtcTime: 2025-06-23 08:50:38.130
ProcessGuid: {c00189fc-153e-6859-3f59-000000006900}
ProcessId: 360904
Image: C:\Windows\System32\sppsvc.exe
User: NT AUTHORITY\NETWORK SERVICE"
정보,2025-06-23 오후 5:50:15,Microsoft-Windows-Sysmon,5,Process terminated (rule: ProcessTerminate),"Process terminated:
RuleName: -
UtcTime: 2025-06-23 08:50:15.657
ProcessGuid: {c00189fc-153c-6859-3559-000000006900}
ProcessId: 364424
Image: C:\Windows\System32\taskhostw.exe
User: NT AUTHORITY\SYSTEM"
정보,2025-06-23 오후 5:50:09,Microsoft-Windows-Sysmon,5,Process terminated (rule: ProcessTerminate),"Process terminated:
RuleName: -
UtcTime: 2025-06-23 08:50:09.406
ProcessGuid: {c00189fc-153c-6859-3759-000000006900}
ProcessId: 359120
Image: C:\Program Files\Common Files\microsoft shared\ClickToRun\OfficeC2RClient.exe
User: NT AUTHORITY\SYSTEM"
정보,2025-06-23 오후 5:50:08,Microsoft-Windows-Sysmon,5,Process terminated (rule: ProcessTerminate),"Process terminated:
RuleName: -
UtcTime: 2025-06-23 08:50:08.053
ProcessGuid: {c00189fc-153c-6859-3659-000000006900}
ProcessId: 363220
Image: C:\Program Files (x86)\Microsoft Visual Studio\Installer\resources\app\ServiceHub\Services\Microsoft.VisualStudio.Setup.Service\BackgroundDownload.exe
User: DESKTOP-GHQF7EL\wah43"
정보,2025-06-23 오후 5:50:06,Microsoft-Windows-Sysmon,5,Process terminated (rule: ProcessTerminate),"Process terminated:
RuleName: -
UtcTime: 2025-06-23 08:50:06.527
ProcessGuid: {c00189fc-153d-6859-3e59-000000006900}
ProcessId: 360900
Image: C:\Windows\System32\conhost.exe
User: NT AUTHORITY\SYSTEM"
정보,2025-06-23 오후 5:50:06,Microsoft-Windows-Sysmon,5,Process terminated (rule: ProcessTerminate),"Process terminated:
RuleName: -
UtcTime: 2025-06-23 08:50:06.524
ProcessGuid: {c00189fc-153d-6859-3d59-000000006900}
ProcessId: 362432
Image: C:\Windows\System32\UCPDMgr.exe
User: NT AUTHORITY\SYSTEM"
정보,2025-06-23 오후 5:49:24,Microsoft-Windows-Sysmon,5,Process terminated (rule: ProcessTerminate),"Process terminated:
RuleName: -
UtcTime: 2025-06-23 08:49:24.629
ProcessGuid: {c00189fc-1341-6859-1e59-000000006900}
ProcessId: 349080
Image: C:\Windows\System32\svchost.exe
User: NT AUTHORITY\SYSTEM"
정보,2025-06-23 오후 5:49:09,Microsoft-Windows-Sysmon,5,Process terminated (rule: ProcessTerminate),"Process terminated:
RuleName: -
UtcTime: 2025-06-23 08:49:09.671
ProcessGuid: {c00189fc-14fc-6859-3459-000000006900}
ProcessId: 363504
Image: C:\Program Files\Microsoft OneDrive\25.095.0518.0002\FileCoAuth.exe
User: DESKTOP-GHQF7EL\wah43"
정보,2025-06-23 오후 5:48:43,Microsoft-Windows-Sysmon,5,Process terminated (rule: ProcessTerminate),"Process terminated:
RuleName: -
UtcTime: 2025-06-23 08:48:43.938
ProcessGuid: {c00189fc-13bd-6859-2459-000000006900}
ProcessId: 337916
Image: C:\Windows\System32\audiodg.exe
User: NT AUTHORITY\LOCAL SERVICE"
정보,2025-06-23 오후 5:47:19,Microsoft-Windows-Sysmon,5,Process terminated (rule: ProcessTerminate),"Process terminated:
RuleName: -
UtcTime: 2025-06-23 08:47:19.114
ProcessGuid: {c00189fc-143d-6859-3059-000000006900}
ProcessId: 362516
Image: C:\Windows\System32\wbem\WmiPrvSE.exe
User: NT AUTHORITY\NETWORK SERVICE"
정보,2025-06-23 오후 5:47:18,Microsoft-Windows-Sysmon,5,Process terminated (rule: ProcessTerminate),"Process terminated:
RuleName: -
UtcTime: 2025-06-23 08:47:18.715
ProcessGuid: {c00189fc-1441-6859-3359-000000006900}
ProcessId: 360828
Image: C:\Program Files\Google\Chrome\Application\chrome.exe
User: DESKTOP-GHQF7EL\wah43"
정보,2025-06-23 오후 5:46:53,Microsoft-Windows-Sysmon,5,Process terminated (rule: ProcessTerminate),"Process terminated:
RuleName: -
UtcTime: 2025-06-23 08:46:53.663
ProcessGuid: {c00189fc-143e-6859-3159-000000006900}
ProcessId: 361832
Image: C:\Program Files\Google\Chrome\Application\chrome.exe
User: DESKTOP-GHQF7EL\wah43"
정보,2025-06-23 오후 5:46:51,Microsoft-Windows-Sysmon,5,Process terminated (rule: ProcessTerminate),"Process terminated:
RuleName: -
UtcTime: 2025-06-23 08:46:51.500
ProcessGuid: {c00189fc-143f-6859-3259-000000006900}
ProcessId: 362772
Image: C:\Program Files\Internet Explorer\ielowutil.exe
User: DESKTOP-GHQF7EL\wah43"
정보,2025-06-23 오후 5:45:52,Microsoft-Windows-Sysmon,5,Process terminated (rule: ProcessTerminate),"Process terminated:
RuleName: -
UtcTime: 2025-06-23 08:45:52.659
ProcessGuid: {c00189fc-142f-6859-2a59-000000006900}
ProcessId: 353064
Image: C:\Windows\System32\msfeedssync.exe
User: DESKTOP-GHQF7EL\wah43"
정보,2025-06-23 오후 5:45:48,Microsoft-Windows-Sysmon,5,Process terminated (rule: ProcessTerminate),"Process terminated:
RuleName: -
UtcTime: 2025-06-23 08:45:48.170
ProcessGuid: {c00189fc-143b-6859-2f59-000000006900}
ProcessId: 362508
Image: C:\Program Files\Google\Chrome\Application\chrome.exe
User: DESKTOP-GHQF7EL\wah43"
정보,2025-06-23 오후 5:45:40,Microsoft-Windows-Sysmon,5,Process terminated (rule: ProcessTerminate),"Process terminated:
RuleName: -
UtcTime: 2025-06-23 08:45:40.180
ProcessGuid: {c00189fc-142f-6859-2b59-000000006900}
ProcessId: 362152
Image: C:\Program Files\Google\Chrome\Application\chrome.exe
User: DESKTOP-GHQF7EL\wah43"
정보,2025-06-23 오후 5:45:39,Microsoft-Windows-Sysmon,5,Process terminated (rule: ProcessTerminate),"Process terminated:
RuleName: -
UtcTime: 2025-06-23 08:45:39.458
ProcessGuid: {c00189fc-1432-6859-2c59-000000006900}
ProcessId: 362252
Image: C:\Program Files\Google\Chrome\Application\chrome.exe
User: DESKTOP-GHQF7EL\wah43"
정보,2025-06-23 오후 5:45:39,Microsoft-Windows-Sysmon,5,Process terminated (rule: ProcessTerminate),"Process terminated:
RuleName: -
UtcTime: 2025-06-23 08:45:39.375
ProcessGuid: {c00189fc-1432-6859-2d59-000000006900}
ProcessId: 360364
Image: C:\Program Files\Google\Chrome\Application\chrome.exe
User: DESKTOP-GHQF7EL\wah43"
정보,2025-06-23 오후 5:45:38,Microsoft-Windows-Sysmon,5,Process terminated (rule: ProcessTerminate),"Process terminated:
RuleName: -
UtcTime: 2025-06-23 08:45:38.779
ProcessGuid: {c00189fc-142d-6859-2959-000000006900}
ProcessId: 361892
Image: C:\Program Files\Google\Chrome\Application\chrome.exe
User: DESKTOP-GHQF7EL\wah43"
정보,2025-06-23 오후 5:45:33,Microsoft-Windows-Sysmon,5,Process terminated (rule: ProcessTerminate),"Process terminated:
RuleName: -
UtcTime: 2025-06-23 08:45:33.636
ProcessGuid: {c00189fc-142d-6859-2859-000000006900}
ProcessId: 362056
Image: C:\Program Files\Google\Chrome\Application\chrome.exe
User: DESKTOP-GHQF7EL\wah43"
