수준,날짜 및 시간,원본,이벤트 ID,작업 범주
정보,2025-06-23 오후 9:27:33,Microsoft-Windows-Sysmon,5,Process terminated (rule: ProcessTerminate),"Process terminated:
RuleName: -
UtcTime: 2025-06-23 12:27:33.462
ProcessGuid: {c00189fc-4571-6859-955a-000000006900}
ProcessId: 395260
Image: C:\Windows\System32\svchost.exe
User: NT AUTHORITY\SYSTEM"
정보,2025-06-23 오후 9:27:19,Microsoft-Windows-Sysmon,5,Process terminated (rule: ProcessTerminate),"Process terminated:
RuleName: -
UtcTime: 2025-06-23 12:27:19.198
ProcessGuid: {c00189fc-47d1-6859-bb5a-000000006900}
ProcessId: 400560
Image: C:\Program Files\Google\Chrome\Application\chrome.exe
User: DESKTOP-GHQF7EL\wah43"
정보,2025-06-23 오후 9:27:14,Microsoft-Windows-Sysmon,5,Process terminated (rule: ProcessTerminate),"Process terminated:
RuleName: -
UtcTime: 2025-06-23 12:27:14.706
ProcessGuid: {c00189fc-464e-6859-a85a-000000006900}
ProcessId: 398092
Image: C:\Windows\System32\smartscreen.exe
User: DESKTOP-GHQF7EL\wah43"
정보,2025-06-23 오후 9:26:54,Microsoft-Windows-Sysmon,5,Process terminated (rule: ProcessTerminate),"Process terminated:
RuleName: -
UtcTime: 2025-06-23 12:26:54.368
ProcessGuid: {c00189fc-47ce-6859-ba5a-000000006900}
ProcessId: 401388
Image: C:\Program Files\Google\Chrome\Application\chrome.exe
User: DESKTOP-GHQF7EL\wah43"
정보,2025-06-23 오후 9:25:49,Microsoft-Windows-Sysmon,5,Process terminated (rule: ProcessTerminate),"Process terminated:
RuleName: -
UtcTime: 2025-06-23 12:25:49.263
ProcessGuid: {c00189fc-4548-6859-925a-000000006900}
ProcessId: 381236
Image: C:\Windows\System32\svchost.exe
User: NT AUTHORITY\SYSTEM"
정보,2025-06-23 오후 9:24:57,Microsoft-Windows-Sysmon,5,Process terminated (rule: ProcessTerminate),"Process terminated:
RuleName: -
UtcTime: 2025-06-23 12:24:57.556
ProcessGuid: {c00189fc-42e9-6859-4a5a-000000006900}
ProcessId: 383508
Image: C:\Windows\System32\svchost.exe
User: NT AUTHORITY\LOCAL SERVICE"
정보,2025-06-23 오후 9:24:26,Microsoft-Windows-Sysmon,5,Process terminated (rule: ProcessTerminate),"Process terminated:
RuleName: -
UtcTime: 2025-06-23 12:24:26.447
ProcessGuid: {c00189fc-46fc-6859-b15a-000000006900}
ProcessId: 396332
Image: C:\Windows\System32\svchost.exe
User: NT AUTHORITY\SYSTEM"
정보,2025-06-23 오후 9:24:20,Microsoft-Windows-Sysmon,5,Process terminated (rule: ProcessTerminate),"Process terminated:
RuleName: -
UtcTime: 2025-06-23 12:24:20.657
ProcessGuid: {c00189fc-4769-6859-b95a-000000006900}
ProcessId: 401832
Image: C:\Program Files (x86)\Microsoft\Edge\Application\137.0.3296.93\identity_helper.exe
User: DESKTOP-GHQF7EL\wah43"
정보,2025-06-23 오후 9:24:09,Microsoft-Windows-Sysmon,5,Process terminated (rule: ProcessTerminate),"Process terminated:
RuleName: -
UtcTime: 2025-06-23 12:24:09.535
ProcessGuid: {c00189fc-4769-6859-b85a-000000006900}
ProcessId: 401816
Image: C:\Program Files (x86)\Microsoft\Edge\Application\137.0.3296.93\identity_helper.exe
User: DESKTOP-GHQF7EL\wah43"
정보,2025-06-23 오후 9:23:35,Microsoft-Windows-Sysmon,5,Process terminated (rule: ProcessTerminate),"Process terminated:
RuleName: -
UtcTime: 2025-06-23 12:23:35.194
ProcessGuid: {c00189fc-473f-6859-b65a-000000006900}
ProcessId: 395460
Image: C:\Program Files\Microsoft OneDrive\25.095.0518.0002\FileCoAuth.exe
User: DESKTOP-GHQF7EL\wah43"
정보,2025-06-23 오후 9:23:20,Microsoft-Windows-Sysmon,5,Process terminated (rule: ProcessTerminate),"Process terminated:
RuleName: -
UtcTime: 2025-06-23 12:23:20.271
ProcessGuid: {c00189fc-460a-6859-a45a-000000006900}
ProcessId: 393820
Image: C:\Windows\System32\audiodg.exe
User: NT AUTHORITY\LOCAL SERVICE"
정보,2025-06-23 오후 9:23:15,Microsoft-Windows-Sysmon,5,Process terminated (rule: ProcessTerminate),"Process terminated:
RuleName: -
UtcTime: 2025-06-23 12:23:15.266
ProcessGuid: {c00189fc-44db-6859-895a-000000006900}
ProcessId: 387252
Image: C:\Windows\System32\svchost.exe
User: NT AUTHORITY\SYSTEM"
정보,2025-06-23 오후 9:22:56,Microsoft-Windows-Sysmon,5,Process terminated (rule: ProcessTerminate),"Process terminated:
RuleName: -
UtcTime: 2025-06-23 12:22:56.446
ProcessGuid: {c00189fc-4295-6859-d559-000000006900}
ProcessId: 377404
Image: C:\Windows\System32\RuntimeBroker.exe
User: DESKTOP-GHQF7EL\wah43"
정보,2025-06-23 오후 9:22:53,Microsoft-Windows-Sysmon,5,Process terminated (rule: ProcessTerminate),"Process terminated:
RuleName: -
UtcTime: 2025-06-23 12:22:53.921
ProcessGuid: {c00189fc-4608-6859-a25a-000000006900}
ProcessId: 396680
Image: C:\Windows\System32\svchost.exe
User: NT AUTHORITY\SYSTEM"
정보,2025-06-23 오후 9:22:27,Microsoft-Windows-Sysmon,5,Process terminated (rule: ProcessTerminate),"Process terminated:
RuleName: -
UtcTime: 2025-06-23 12:22:27.002
ProcessGuid: {c00189fc-46fd-6859-b45a-000000006900}
ProcessId: 399900
Image: C:\Windows\System32\WerFault.exe
User: DESKTOP-GHQF7EL\wah43"
정보,2025-06-23 오후 9:22:26,Microsoft-Windows-Sysmon,5,Process terminated (rule: ProcessTerminate),"Process terminated:
RuleName: -
UtcTime: 2025-06-23 12:22:26.424
ProcessGuid: {c00189fc-428c-6859-cb59-000000006900}
ProcessId: 373128
Image: C:\Windows\SystemApps\Microsoft.Windows.Search_cw5n1h2txyewy\SearchApp.exe
User: DESKTOP-GHQF7EL\wah43"
정보,2025-06-23 오후 9:22:21,Microsoft-Windows-Sysmon,5,Process terminated (rule: ProcessTerminate),"Process terminated:
RuleName: -
UtcTime: 2025-06-23 12:22:21.362
ProcessGuid: {c00189fc-46fc-6859-b25a-000000006900}
ProcessId: 398396
Image: C:\Windows\System32\WerFault.exe
User: NT AUTHORITY\SYSTEM"
정보,2025-06-23 오후 9:22:19,Microsoft-Windows-Sysmon,5,Process terminated (rule: ProcessTerminate),"Process terminated:
RuleName: -
UtcTime: 2025-06-23 12:22:19.200
ProcessGuid: {c00189fc-46a5-6859-ad5a-000000006900}
ProcessId: 399224
Image: C:\Program Files\Google\Chrome\Application\chrome.exe
User: DESKTOP-GHQF7EL\wah43"
정보,2025-06-23 오후 9:22:18,Microsoft-Windows-Sysmon,5,Process terminated (rule: ProcessTerminate),"Process terminated:
RuleName: -
UtcTime: 2025-06-23 12:22:18.865
ProcessGuid: {c00189fc-46ee-6859-ae5a-000000006900}
ProcessId: 399744
Image: C:\Windows\System32\svchost.exe
User: DESKTOP-GHQF7EL\wah43"
정보,2025-06-23 오후 9:22:14,Microsoft-Windows-Sysmon,5,Process terminated (rule: ProcessTerminate),"Process terminated:
RuleName: -
UtcTime: 2025-06-23 12:22:14.723
ProcessGuid: {c00189fc-46f6-6859-b05a-000000006900}
ProcessId: 399520
Image: C:\Windows\System32\SnippingTool.exe
User: DESKTOP-GHQF7EL\wah43"
정보,2025-06-23 오후 9:22:14,Microsoft-Windows-Sysmon,5,Process terminated (rule: ProcessTerminate),"Process terminated:
RuleName: -
UtcTime: 2025-06-23 12:22:14.317
ProcessGuid: {c00189fc-46a2-6859-ac5a-000000006900}
ProcessId: 398952
Image: C:\Program Files\Google\Chrome\Application\chrome.exe
User: DESKTOP-GHQF7EL\wah43"
정보,2025-06-23 오후 9:19:27,Microsoft-Windows-Sysmon,5,Process terminated (rule: ProcessTerminate),"Process terminated:
RuleName: -
UtcTime: 2025-06-23 12:19:27.257
ProcessGuid: {c00189fc-464e-6859-aa5a-000000006900}
ProcessId: 398100
Image: C:\Windows\System32\consent.exe
User: NT AUTHORITY\SYSTEM"
정보,2025-06-23 오후 9:19:26,Microsoft-Windows-Sysmon,5,Process terminated (rule: ProcessTerminate),"Process terminated:
RuleName: -
UtcTime: 2025-06-23 12:19:26.738
ProcessGuid: {c00189fc-464e-6859-a95a-000000006900}
ProcessId: 398172
Image: C:\Windows\System32\mmc.exe
User: DESKTOP-GHQF7EL\wah43"
정보,2025-06-23 오후 9:19:03,Microsoft-Windows-Sysmon,5,Process terminated (rule: ProcessTerminate),"Process terminated:
RuleName: -
UtcTime: 2025-06-23 12:19:03.631
ProcessGuid: {c00189fc-4636-6859-a75a-000000006900}
ProcessId: 397912
Image: C:\Windows\System32\WindowsPowerShell\v1.0\powershell.exe
User: DESKTOP-GHQF7EL\wah43"
정보,2025-06-23 오후 9:19:02,Microsoft-Windows-Sysmon,1,Process Create (rule: ProcessCreate),"Process Create:
RuleName: -
UtcTime: 2025-06-23 12:19:02.916
ProcessGuid: {c00189fc-4636-6859-a75a-000000006900}
ProcessId: 397912
Image: C:\Windows\System32\WindowsPowerShell\v1.0\powershell.exe
FileVersion: 10.0.19041.3996 (WinBuild.160101.0800)
Description: Windows PowerShell
Product: Microsoft® Windows® Operating System
Company: Microsoft Corporation
OriginalFileName: PowerShell.EXE
CommandLine: ""C:\WINDOWS\System32\WindowsPowerShell\v1.0\powershell.exe"" -EncodedCommand ZQBjAGgAbwAgACIASABhAGMAawBlAGQAIQAiAA==
CurrentDirectory: C:\WINDOWS\system32\
User: DESKTOP-GHQF7EL\wah43
LogonGuid: {c00189fc-4281-6859-a1fe-f41500000000}
LogonId: 0x15F4FEA1
TerminalSessionId: 33
IntegrityLevel: High
Hashes: SHA256=9785001B0DCF755EDDB8AF294A373C0B87B2498660F724E76C4D53F9C217C7A3
ParentProcessGuid: {c00189fc-460c-6859-a55a-000000006900}
ParentProcessId: 397444
ParentImage: C:\Windows\System32\WindowsPowerShell\v1.0\powershell.exe
ParentCommandLine: ""C:\Windows\System32\WindowsPowerShell\v1.0\powershell.exe"" 
ParentUser: DESKTOP-GHQF7EL\wah43"
정보,2025-06-23 오후 9:18:55,Microsoft-Windows-Sysmon,5,Process terminated (rule: ProcessTerminate),"Process terminated:
RuleName: -
UtcTime: 2025-06-23 12:18:55.415
ProcessGuid: {c00189fc-4605-6859-a15a-000000006900}
ProcessId: 396564
Image: C:\Windows\System32\RuntimeBroker.exe
User: DESKTOP-GHQF7EL\wah43"
정보,2025-06-23 오후 9:18:20,Microsoft-Windows-Sysmon,1,Process Create (rule: ProcessCreate),"Process Create:
RuleName: -
UtcTime: 2025-06-23 12:18:20.269
ProcessGuid: {c00189fc-460c-6859-a55a-000000006900}
ProcessId: 397444
Image: C:\Windows\System32\WindowsPowerShell\v1.0\powershell.exe
FileVersion: 10.0.19041.3996 (WinBuild.160101.0800)
Description: Windows PowerShell
Product: Microsoft® Windows® Operating System
Company: Microsoft Corporation
OriginalFileName: PowerShell.EXE
CommandLine: ""C:\Windows\System32\WindowsPowerShell\v1.0\powershell.exe"" 
CurrentDirectory: C:\WINDOWS\system32\
User: DESKTOP-GHQF7EL\wah43
LogonGuid: {c00189fc-4281-6859-a1fe-f41500000000}
LogonId: 0x15F4FEA1
TerminalSessionId: 33
IntegrityLevel: High
Hashes: SHA256=9785001B0DCF755EDDB8AF294A373C0B87B2498660F724E76C4D53F9C217C7A3
ParentProcessGuid: {c00189fc-4295-6859-d559-000000006900}
ParentProcessId: 377404
ParentImage: C:\Windows\System32\RuntimeBroker.exe
ParentCommandLine: C:\Windows\System32\RuntimeBroker.exe -Embedding
ParentUser: DESKTOP-GHQF7EL\wah43"
정보,2025-06-23 오후 9:18:20,Microsoft-Windows-Sysmon,5,Process terminated (rule: ProcessTerminate),"Process terminated:
RuleName: -
UtcTime: 2025-06-23 12:18:20.232
ProcessGuid: {c00189fc-460a-6859-a35a-000000006900}
ProcessId: 396364
Image: C:\Windows\System32\consent.exe
User: NT AUTHORITY\SYSTEM"
정보,2025-06-23 오후 9:18:17,Microsoft-Windows-Sysmon,5,Process terminated (rule: ProcessTerminate),"Process terminated:
RuleName: -
UtcTime: 2025-06-23 12:18:17.634
ProcessGuid: {c00189fc-4604-6859-9e5a-000000006900}
ProcessId: 395628
Image: C:\Windows\System32\dllhost.exe
User: DESKTOP-GHQF7EL\wah43"
정보,2025-06-23 오후 9:18:15,Microsoft-Windows-Sysmon,5,Process terminated (rule: ProcessTerminate),"Process terminated:
RuleName: -
UtcTime: 2025-06-23 12:18:15.385
ProcessGuid: {c00189fc-444c-6859-705a-000000006900}
ProcessId: 389384
Image: C:\Windows\System32\smartscreen.exe
User: DESKTOP-GHQF7EL\wah43"
정보,2025-06-23 오후 9:18:13,Microsoft-Windows-Sysmon,5,Process terminated (rule: ProcessTerminate),"Process terminated:
RuleName: -
UtcTime: 2025-06-23 12:18:13.587
ProcessGuid: {c00189fc-4604-6859-a05a-000000006900}
ProcessId: 396464
Image: C:\Windows\System32\backgroundTaskHost.exe
User: DESKTOP-GHQF7EL\wah43"
정보,2025-06-23 오후 9:17:44,Microsoft-Windows-Sysmon,5,Process terminated (rule: ProcessTerminate),"Process terminated:
RuleName: -
UtcTime: 2025-06-23 12:17:44.037
ProcessGuid: {c00189fc-45b2-6859-9c5a-000000006900}
ProcessId: 313804
Image: C:\Program Files\Google\Chrome\Application\chrome.exe
User: DESKTOP-GHQF7EL\wah43"
정보,2025-06-23 오후 9:17:44,Microsoft-Windows-Sysmon,5,Process terminated (rule: ProcessTerminate),"Process terminated:
RuleName: -
UtcTime: 2025-06-23 12:17:44.036
ProcessGuid: {c00189fc-45b2-6859-9d5a-000000006900}
ProcessId: 395652
Image: C:\Program Files\Google\Chrome\Application\chrome.exe
User: DESKTOP-GHQF7EL\wah43"
정보,2025-06-23 오후 9:17:19,Microsoft-Windows-Sysmon,5,Process terminated (rule: ProcessTerminate),"Process terminated:
RuleName: -
UtcTime: 2025-06-23 12:17:19.002
ProcessGuid: {c00189fc-445c-6859-815a-000000006900}
ProcessId: 391556
Image: C:\Program Files\Google\Chrome\Application\chrome.exe
User: DESKTOP-GHQF7EL\wah43"
정보,2025-06-23 오후 9:16:55,Microsoft-Windows-Sysmon,5,Process terminated (rule: ProcessTerminate),"Process terminated:
RuleName: -
UtcTime: 2025-06-23 12:16:55.480
ProcessGuid: {c00189fc-45a0-6859-985a-000000006900}
ProcessId: 394648
Image: C:\Windows\System32\svchost.exe
User: NT AUTHORITY\LOCAL SERVICE"
정보,2025-06-23 오후 9:16:54,Microsoft-Windows-Sysmon,5,Process terminated (rule: ProcessTerminate),"Process terminated:
RuleName: -
UtcTime: 2025-06-23 12:16:54.468
ProcessGuid: {c00189fc-4579-6859-975a-000000006900}
ProcessId: 392856
Image: C:\Program Files\Google\Chrome\Application\chrome.exe
User: DESKTOP-GHQF7EL\wah43"
정보,2025-06-23 오후 9:16:53,Microsoft-Windows-Sysmon,5,Process terminated (rule: ProcessTerminate),"Process terminated:
RuleName: -
UtcTime: 2025-06-23 12:16:53.917
ProcessGuid: {c00189fc-4576-6859-965a-000000006900}
ProcessId: 394364
Image: C:\Program Files\Google\Chrome\Application\chrome.exe
User: DESKTOP-GHQF7EL\wah43"
정보,2025-06-23 오후 9:16:53,Microsoft-Windows-Sysmon,5,Process terminated (rule: ProcessTerminate),"Process terminated:
RuleName: -
UtcTime: 2025-06-23 12:16:53.903
ProcessGuid: {c00189fc-44c5-6859-885a-000000006900}
ProcessId: 377116
Image: C:\Windows\System32\svchost.exe
User: NT AUTHORITY\SYSTEM"
정보,2025-06-23 오후 9:16:51,Microsoft-Windows-Sysmon,5,Process terminated (rule: ProcessTerminate),"Process terminated:
RuleName: -
UtcTime: 2025-06-23 12:16:51.086
ProcessGuid: {c00189fc-4457-6859-7b5a-000000006900}
ProcessId: 390648
Image: C:\Program Files\Google\Chrome\Application\chrome.exe
User: DESKTOP-GHQF7EL\wah43"
정보,2025-06-23 오후 9:16:51,Microsoft-Windows-Sysmon,5,Process terminated (rule: ProcessTerminate),"Process terminated:
RuleName: -
UtcTime: 2025-06-23 12:16:51.083
ProcessGuid: {c00189fc-45b1-6859-9b5a-000000006900}
ProcessId: 385516
Image: C:\Program Files\Google\Chrome\Application\chrome.exe
User: DESKTOP-GHQF7EL\wah43"
정보,2025-06-23 오후 9:16:51,Microsoft-Windows-Sysmon,5,Process terminated (rule: ProcessTerminate),"Process terminated:
RuleName: -
UtcTime: 2025-06-23 12:16:51.079
ProcessGuid: {c00189fc-4459-6859-805a-000000006900}
ProcessId: 392340
Image: C:\Program Files\Google\Chrome\Application\chrome.exe
User: DESKTOP-GHQF7EL\wah43"
정보,2025-06-23 오후 9:16:37,Microsoft-Windows-Sysmon,5,Process terminated (rule: ProcessTerminate),"Process terminated:
RuleName: -
UtcTime: 2025-06-23 12:16:37.879
ProcessGuid: {c00189fc-45a0-6859-995a-000000006900}
ProcessId: 394760
Image: C:\Windows\System32\LocationNotificationWindows.exe
User: DESKTOP-GHQF7EL\wah43"
정보,2025-06-23 오후 9:16:35,Microsoft-Windows-Sysmon,5,Process terminated (rule: ProcessTerminate),"Process terminated:
RuleName: -
UtcTime: 2025-06-23 12:16:35.260
ProcessGuid: {c00189fc-4549-6859-935a-000000006900}
ProcessId: 393276
Image: C:\Windows\System32\wbem\WmiPrvSE.exe
User: NT AUTHORITY\NETWORK SERVICE"
정보,2025-06-23 오후 9:16:07,Microsoft-Windows-Sysmon,5,Process terminated (rule: ProcessTerminate),"Process terminated:
RuleName: -
UtcTime: 2025-06-23 12:16:07.145
ProcessGuid: {c00189fc-454a-6859-945a-000000006900}
ProcessId: 393716
Image: C:\Windows\System32\svchost.exe
User: NT AUTHORITY\SYSTEM"
정보,2025-06-23 오후 9:14:19,Microsoft-Windows-Sysmon,5,Process terminated (rule: ProcessTerminate),"Process terminated:
RuleName: -
UtcTime: 2025-06-23 12:14:19.980
ProcessGuid: {c00189fc-4511-6859-915a-000000006900}
ProcessId: 388308
Image: C:\Program Files (x86)\Microsoft\Edge\Application\137.0.3296.93\identity_helper.exe
User: DESKTOP-GHQF7EL\wah43"
정보,2025-06-23 오후 9:14:17,Microsoft-Windows-Sysmon,5,Process terminated (rule: ProcessTerminate),"Process terminated:
RuleName: -
UtcTime: 2025-06-23 12:14:17.901
ProcessGuid: {c00189fc-44fa-6859-8f5a-000000006900}
ProcessId: 387704
Image: C:\Program Files (x86)\Microsoft\Edge\Application\msedge.exe
User: DESKTOP-GHQF7EL\wah43"
정보,2025-06-23 오후 9:14:09,Microsoft-Windows-Sysmon,5,Process terminated (rule: ProcessTerminate),"Process terminated:
RuleName: -
UtcTime: 2025-06-23 12:14:09.560
ProcessGuid: {c00189fc-4511-6859-905a-000000006900}
ProcessId: 394428
Image: C:\Program Files (x86)\Microsoft\Edge\Application\137.0.3296.93\identity_helper.exe
User: DESKTOP-GHQF7EL\wah43"
정보,2025-06-23 오후 9:13:45,Microsoft-Windows-Sysmon,5,Process terminated (rule: ProcessTerminate),"Process terminated:
RuleName: -
UtcTime: 2025-06-23 12:13:45.074
ProcessGuid: {c00189fc-44e0-6859-8d5a-000000006900}
ProcessId: 312252
Image: C:\Program Files\Microsoft Office\root\Office16\SDXHelper.exe
User: DESKTOP-GHQF7EL\wah43"
정보,2025-06-23 오후 9:13:33,Microsoft-Windows-Sysmon,5,Process terminated (rule: ProcessTerminate),"Process terminated:
RuleName: -
UtcTime: 2025-06-23 12:13:33.951
ProcessGuid: {c00189fc-44e7-6859-8e5a-000000006900}
ProcessId: 394508
Image: C:\Program Files\Microsoft OneDrive\25.095.0518.0002\FileCoAuth.exe
User: DESKTOP-GHQF7EL\wah43"
정보,2025-06-23 오후 9:13:30,Microsoft-Windows-Sysmon,5,Process terminated (rule: ProcessTerminate),"Process terminated:
RuleName: -
UtcTime: 2025-06-23 12:13:30.138
ProcessGuid: {c00189fc-44dc-6859-8c5a-000000006900}
ProcessId: 394244
Image: C:\Program Files\Microsoft OneDrive\25.095.0518.0002\OneDriveLauncher.exe
User: DESKTOP-GHQF7EL\wah43"
정보,2025-06-23 오후 9:13:23,Microsoft-Windows-Sysmon,5,Process terminated (rule: ProcessTerminate),"Process terminated:
RuleName: -
UtcTime: 2025-06-23 12:13:23.731
ProcessGuid: {c00189fc-44dc-6859-8b5a-000000006900}
ProcessId: 364824
Image: C:\Program Files\Microsoft Office\root\Office16\SDXHelper.exe
User: DESKTOP-GHQF7EL\wah43"
정보,2025-06-23 오후 9:13:18,Microsoft-Windows-Sysmon,5,Process terminated (rule: ProcessTerminate),"Process terminated:
RuleName: -
UtcTime: 2025-06-23 12:13:18.408
ProcessGuid: {c00189fc-44db-6859-8a5a-000000006900}
ProcessId: 392132
Image: C:\ProgramData\Microsoft\Windows Defender\Platform\4.18.25050.5-0\MpCmdRun.exe
User: NT AUTHORITY\NETWORK SERVICE"
정보,2025-06-23 오후 9:13:15,Microsoft-Windows-Sysmon,1,Process Create (rule: ProcessCreate),"Process Create:
RuleName: -
UtcTime: 2025-06-23 12:13:15.538
ProcessGuid: {c00189fc-44db-6859-8a5a-000000006900}
ProcessId: 392132
Image: C:\ProgramData\Microsoft\Windows Defender\Platform\4.18.25050.5-0\MpCmdRun.exe
FileVersion: 4.18.25050.5 (bcf51ab773be21957c5713cae9cb3adf2fd75bf5)
Description: Microsoft Malware Protection Command Line Utility
Product: Microsoft® Windows® Operating System
Company: Microsoft Corporation
OriginalFileName: MpCmdRun.exe
CommandLine: ""C:\ProgramData\Microsoft\Windows Defender\Platform\4.18.25050.5-0\MpCmdRun.exe"" GetDeviceTicket -AccessKey 1D8D6829-51FD-BC41-0361-8E760680CAEF 
CurrentDirectory: C:\WINDOWS\system32\
User: NT AUTHORITY\NETWORK SERVICE
LogonGuid: {c00189fc-cc33-684b-e403-000000000000}
LogonId: 0x3E4
TerminalSessionId: 0
IntegrityLevel: System
Hashes: SHA256=7EB7B7A20D7E74DEACB58E0A66F72AC477E41813CC4B20BCAF74BA53B09EFC89
ParentProcessGuid: {c00189fc-fe46-6853-3830-000000006900}
ParentProcessId: 3196
ParentImage: C:\ProgramData\Microsoft\Windows Defender\Platform\4.18.25050.5-0\MsMpEng.exe
ParentCommandLine: ""C:\ProgramData\Microsoft\Windows Defender\Platform\4.18.25050.5-0\MsMpEng.exe""
ParentUser: NT AUTHORITY\SYSTEM"
정보,2025-06-23 오후 9:13:09,Microsoft-Windows-Sysmon,5,Process terminated (rule: ProcessTerminate),"Process terminated:
RuleName: -
UtcTime: 2025-06-23 12:13:09.741
ProcessGuid: {c00189fc-153d-6859-3a59-000000006900}
ProcessId: 364604
Image: C:\Windows\System32\svchost.exe
User: NT AUTHORITY\SYSTEM"
정보,2025-06-23 오후 9:12:54,Microsoft-Windows-Sysmon,5,Process terminated (rule: ProcessTerminate),"Process terminated:
RuleName: -
UtcTime: 2025-06-23 12:12:54.657
ProcessGuid: {c00189fc-44c5-6859-875a-000000006900}
ProcessId: 393176
Image: C:\Program Files\Google\Chrome\Application\chrome.exe
User: DESKTOP-GHQF7EL\wah43"
정보,2025-06-23 오후 9:12:42,Microsoft-Windows-Sysmon,5,Process terminated (rule: ProcessTerminate),"Process terminated:
RuleName: -
UtcTime: 2025-06-23 12:12:42.991
ProcessGuid: {c00189fc-1614-6859-4e59-000000006900}
ProcessId: 367260
Image: C:\Windows\System32\svchost.exe
User: NT AUTHORITY\SYSTEM"
정보,2025-06-23 오후 9:12:37,Microsoft-Windows-Sysmon,5,Process terminated (rule: ProcessTerminate),"Process terminated:
RuleName: -
UtcTime: 2025-06-23 12:12:37.446
ProcessGuid: {c00189fc-4458-6859-7e5a-000000006900}
ProcessId: 392440
Image: C:\Program Files\Google\Chrome\Application\chrome.exe
User: DESKTOP-GHQF7EL\wah43"
정보,2025-06-23 오후 9:12:27,Microsoft-Windows-Sysmon,5,Process terminated (rule: ProcessTerminate),"Process terminated:
RuleName: -
UtcTime: 2025-06-23 12:12:27.820
ProcessGuid: {c00189fc-4451-6859-7a5a-000000006900}
ProcessId: 391776
Image: C:\Windows\System32\wbem\WmiPrvSE.exe
User: NT AUTHORITY\NETWORK SERVICE"
정보,2025-06-23 오후 9:12:11,Microsoft-Windows-Sysmon,5,Process terminated (rule: ProcessTerminate),"Process terminated:
RuleName: -
UtcTime: 2025-06-23 12:12:11.078
ProcessGuid: {c00189fc-42b1-6859-185a-000000006900}
ProcessId: 377108
Image: C:\Windows\System32\svchost.exe
User: NT AUTHORITY\SYSTEM"
정보,2025-06-23 오후 9:11:41,Microsoft-Windows-Sysmon,5,Process terminated (rule: ProcessTerminate),"Process terminated:
RuleName: -
UtcTime: 2025-06-23 12:11:41.977
ProcessGuid: {c00189fc-4457-6859-7c5a-000000006900}
ProcessId: 389836
Image: C:\Program Files\Google\Chrome\Application\chrome.exe
User: DESKTOP-GHQF7EL\wah43"
정보,2025-06-23 오후 9:11:41,Microsoft-Windows-Sysmon,5,Process terminated (rule: ProcessTerminate),"Process terminated:
RuleName: -
UtcTime: 2025-06-23 12:11:41.346
ProcessGuid: {c00189fc-4458-6859-7f5a-000000006900}
ProcessId: 392236
Image: C:\Program Files\Google\Chrome\Application\chrome.exe
User: DESKTOP-GHQF7EL\wah43"
정보,2025-06-23 오후 9:11:27,Microsoft-Windows-Sysmon,5,Process terminated (rule: ProcessTerminate),"Process terminated:
RuleName: -
UtcTime: 2025-06-23 12:11:27.556
ProcessGuid: {c00189fc-4460-6859-835a-000000006900}
ProcessId: 392456
Image: C:\Program Files (x86)\Google\GoogleUpdater\138.0.7194.0\updater.exe
User: NT AUTHORITY\SYSTEM"
정보,2025-06-23 오후 9:11:27,Microsoft-Windows-Sysmon,5,Process terminated (rule: ProcessTerminate),"Process terminated:
RuleName: -
UtcTime: 2025-06-23 12:11:27.539
ProcessGuid: {c00189fc-4460-6859-825a-000000006900}
ProcessId: 391184
Image: C:\Program Files (x86)\Google\GoogleUpdater\138.0.7194.0\updater.exe
User: NT AUTHORITY\SYSTEM"
정보,2025-06-23 오후 9:11:24,Microsoft-Windows-Sysmon,5,Process terminated (rule: ProcessTerminate),"Process terminated:
RuleName: -
UtcTime: 2025-06-23 12:11:24.847
ProcessGuid: {c00189fc-446b-6859-865a-000000006900}
ProcessId: 391208
Image: C:\Program Files\Google\Chrome\Application\chrome.exe
User: DESKTOP-GHQF7EL\wah43"
정보,2025-06-23 오후 9:11:24,Microsoft-Windows-Sysmon,5,Process terminated (rule: ProcessTerminate),"Process terminated:
RuleName: -
UtcTime: 2025-06-23 12:11:24.148
ProcessGuid: {c00189fc-446b-6859-855a-000000006900}
ProcessId: 374092
Image: C:\Program Files\Google\Chrome\Application\chrome.exe
User: DESKTOP-GHQF7EL\wah43"
정보,2025-06-23 오후 9:11:24,Microsoft-Windows-Sysmon,5,Process terminated (rule: ProcessTerminate),"Process terminated:
RuleName: -
UtcTime: 2025-06-23 12:11:24.137
ProcessGuid: {c00189fc-446b-6859-845a-000000006900}
ProcessId: 390208
Image: C:\Program Files\Google\Chrome\Application\chrome.exe
User: DESKTOP-GHQF7EL\wah43"
정보,2025-06-23 오후 9:11:22,Microsoft-Windows-Sysmon,5,Process terminated (rule: ProcessTerminate),"Process terminated:
RuleName: -
UtcTime: 2025-06-23 12:11:22.761
ProcessGuid: {c00189fc-160c-6859-4559-000000006900}
ProcessId: 363568
Image: C:\Windows\System32\svchost.exe
User: NT AUTHORITY\SYSTEM"
정보,2025-06-23 오후 9:11:14,Microsoft-Windows-Sysmon,5,Process terminated (rule: ProcessTerminate),"Process terminated:
RuleName: -
UtcTime: 2025-06-23 12:11:14.336
ProcessGuid: {c00189fc-1622-6859-8859-000000006900}
ProcessId: 359332
Image: C:\Windows\System32\svchost.exe
User: NT AUTHORITY\SYSTEM"
정보,2025-06-23 오후 9:11:06,Microsoft-Windows-Sysmon,5,Process terminated (rule: ProcessTerminate),"Process terminated:
RuleName: -
UtcTime: 2025-06-23 12:11:06.530
ProcessGuid: {c00189fc-444d-6859-785a-000000006900}
ProcessId: 389396
Image: C:\Program Files\Google\Chrome\Application\chrome.exe
User: DESKTOP-GHQF7EL\wah43"
정보,2025-06-23 오후 9:11:06,Microsoft-Windows-Sysmon,5,Process terminated (rule: ProcessTerminate),"Process terminated:
RuleName: -
UtcTime: 2025-06-23 12:11:06.529
ProcessGuid: {c00189fc-4458-6859-7d5a-000000006900}
ProcessId: 387920
Image: C:\Program Files\Google\Chrome\Application\chrome.exe
User: DESKTOP-GHQF7EL\wah43"
정보,2025-06-23 오후 9:11:06,Microsoft-Windows-Sysmon,5,Process terminated (rule: ProcessTerminate),"Process terminated:
RuleName: -
UtcTime: 2025-06-23 12:11:06.467
ProcessGuid: {c00189fc-444d-6859-775a-000000006900}
ProcessId: 389304
Image: C:\Program Files\Google\Chrome\Application\chrome.exe
User: DESKTOP-GHQF7EL\wah43"
정보,2025-06-23 오후 9:10:59,Microsoft-Windows-Sysmon,5,Process terminated (rule: ProcessTerminate),"Process terminated:
RuleName: -
UtcTime: 2025-06-23 12:10:59.434
ProcessGuid: {c00189fc-4451-6859-795a-000000006900}
ProcessId: 390548
Image: C:\Program Files\Google\Chrome\Application\chrome.exe
User: DESKTOP-GHQF7EL\wah43"
정보,2025-06-23 오후 9:10:54,Microsoft-Windows-Sysmon,5,Process terminated (rule: ProcessTerminate),"Process terminated:
RuleName: -
UtcTime: 2025-06-23 12:10:54.481
ProcessGuid: {c00189fc-444d-6859-755a-000000006900}
ProcessId: 389300
Image: C:\Program Files\Google\Chrome\Application\137.0.7151.120\elevation_service.exe
User: NT AUTHORITY\SYSTEM"
정보,2025-06-23 오후 9:10:48,Microsoft-Windows-Sysmon,5,Process terminated (rule: ProcessTerminate),"Process terminated:
RuleName: -
UtcTime: 2025-06-23 12:10:48.950
ProcessGuid: {c00189fc-4441-6859-6f5a-000000006900}
ProcessId: 390376
Image: C:\Windows\System32\dllhost.exe
User: DESKTOP-GHQF7EL\wah43"
정보,2025-06-23 오후 9:10:47,Microsoft-Windows-Sysmon,5,Process terminated (rule: ProcessTerminate),"Process terminated:
RuleName: -
UtcTime: 2025-06-23 12:10:47.643
ProcessGuid: {c00189fc-4440-6859-6e5a-000000006900}
ProcessId: 390260
Image: C:\Windows\System32\dllhost.exe
User: DESKTOP-GHQF7EL\wah43"
정보,2025-06-23 오후 9:10:46,Microsoft-Windows-Sysmon,5,Process terminated (rule: ProcessTerminate),"Process terminated:
RuleName: -
UtcTime: 2025-06-23 12:10:46.399
ProcessGuid: {c00189fc-443e-6859-6c5a-000000006900}
ProcessId: 390408
Image: C:\Program Files\Microsoft OneDrive\25.095.0518.0002\FileCoAuth.exe
User: DESKTOP-GHQF7EL\wah43"
정보,2025-06-23 오후 9:10:39,Microsoft-Windows-Sysmon,5,Process terminated (rule: ProcessTerminate),"Process terminated:
RuleName: -
UtcTime: 2025-06-23 12:10:39.522
ProcessGuid: {c00189fc-443f-6859-6d5a-000000006900}
ProcessId: 390460
Image: C:\Windows\System32\rundll32.exe
User: DESKTOP-GHQF7EL\wah43"
정보,2025-06-23 오후 9:10:08,Microsoft-Windows-Sysmon,5,Process terminated (rule: ProcessTerminate),"Process terminated:
RuleName: -
UtcTime: 2025-06-23 12:10:08.598
ProcessGuid: {c00189fc-42a8-6859-035a-000000006900}
ProcessId: 380252
Image: C:\Program Files\Google\Chrome\Application\chrome.exe
User: DESKTOP-GHQF7EL\wah43"
정보,2025-06-23 오후 9:10:08,Microsoft-Windows-Sysmon,5,Process terminated (rule: ProcessTerminate),"Process terminated:
RuleName: -
UtcTime: 2025-06-23 12:10:08.487
ProcessGuid: {c00189fc-42a6-6859-025a-000000006900}
ProcessId: 380292
Image: C:\Program Files\Google\Chrome\Application\chrome.exe
User: DESKTOP-GHQF7EL\wah43"
정보,2025-06-23 오후 9:10:08,Microsoft-Windows-Sysmon,5,Process terminated (rule: ProcessTerminate),"Process terminated:
RuleName: -
UtcTime: 2025-06-23 12:10:08.311
ProcessGuid: {c00189fc-42a9-6859-065a-000000006900}
ProcessId: 379500
Image: C:\Program Files\Google\Chrome\Application\chrome.exe
User: DESKTOP-GHQF7EL\wah43"
정보,2025-06-23 오후 9:10:08,Microsoft-Windows-Sysmon,5,Process terminated (rule: ProcessTerminate),"Process terminated:
RuleName: -
UtcTime: 2025-06-23 12:10:08.245
ProcessGuid: {c00189fc-42a9-6859-085a-000000006900}
ProcessId: 380516
Image: C:\Program Files\Google\Chrome\Application\chrome.exe
User: DESKTOP-GHQF7EL\wah43"
정보,2025-06-23 오후 9:10:08,Microsoft-Windows-Sysmon,5,Process terminated (rule: ProcessTerminate),"Process terminated:
RuleName: -
UtcTime: 2025-06-23 12:10:08.198
ProcessGuid: {c00189fc-42a9-6859-075a-000000006900}
ProcessId: 380784
Image: C:\Program Files\Google\Chrome\Application\chrome.exe
User: DESKTOP-GHQF7EL\wah43"
정보,2025-06-23 오후 9:10:07,Microsoft-Windows-Sysmon,5,Process terminated (rule: ProcessTerminate),"Process terminated:
RuleName: -
UtcTime: 2025-06-23 12:10:07.639
ProcessGuid: {c00189fc-4416-6859-6b5a-000000006900}
ProcessId: 390100
Image: C:\Program Files\Google\Chrome\Application\chrome.exe
User: DESKTOP-GHQF7EL\wah43"
정보,2025-06-23 오후 9:10:07,Microsoft-Windows-Sysmon,5,Process terminated (rule: ProcessTerminate),"Process terminated:
RuleName: -
UtcTime: 2025-06-23 12:10:07.536
ProcessGuid: {c00189fc-42f9-6859-4f5a-000000006900}
ProcessId: 384856
Image: C:\Program Files\Google\Chrome\Application\chrome.exe
User: DESKTOP-GHQF7EL\wah43"
정보,2025-06-23 오후 9:09:58,Microsoft-Windows-Sysmon,5,Process terminated (rule: ProcessTerminate),"Process terminated:
RuleName: -
UtcTime: 2025-06-23 12:09:58.898
ProcessGuid: {c00189fc-4414-6859-6a5a-000000006900}
ProcessId: 390824
Image: C:\Program Files\Google\Chrome\Application\chrome.exe
User: DESKTOP-GHQF7EL\wah43"
정보,2025-06-23 오후 9:09:42,Microsoft-Windows-Sysmon,5,Process terminated (rule: ProcessTerminate),"Process terminated:
RuleName: -
UtcTime: 2025-06-23 12:09:42.090
ProcessGuid: {c00189fc-42bf-6859-335a-000000006900}
ProcessId: 382956
Image: C:\Program Files\Google\Chrome\Application\chrome.exe
User: DESKTOP-GHQF7EL\wah43"
정보,2025-06-23 오후 9:09:34,Microsoft-Windows-Sysmon,5,Process terminated (rule: ProcessTerminate),"Process terminated:
RuleName: -
UtcTime: 2025-06-23 12:09:34.380
ProcessGuid: {c00189fc-42c0-6859-355a-000000006900}
ProcessId: 383976
Image: C:\Windows\System32\audiodg.exe
User: NT AUTHORITY\LOCAL SERVICE"
정보,2025-06-23 오후 9:09:10,Microsoft-Windows-Sysmon,5,Process terminated (rule: ProcessTerminate),"Process terminated:
RuleName: -
UtcTime: 2025-06-23 12:09:10.321
ProcessGuid: {c00189fc-43c7-6859-695a-000000006900}
ProcessId: 389468
Image: C:\Program Files (x86)\Microsoft\Edge\Application\msedge.exe
User: DESKTOP-GHQF7EL\wah43"
정보,2025-06-23 오후 9:08:50,Microsoft-Windows-Sysmon,5,Process terminated (rule: ProcessTerminate),"Process terminated:
RuleName: -
UtcTime: 2025-06-23 12:08:50.932
ProcessGuid: {c00189fc-4299-6859-db59-000000006900}
ProcessId: 376720
Image: C:\Windows\System32\smartscreen.exe
User: DESKTOP-GHQF7EL\wah43"
정보,2025-06-23 오후 9:07:45,Microsoft-Windows-Sysmon,5,Process terminated (rule: ProcessTerminate),"Process terminated:
RuleName: -
UtcTime: 2025-06-23 12:07:45.179
ProcessGuid: {c00189fc-4291-6859-d359-000000006900}
ProcessId: 376128
Image: C:\Windows\System32\RuntimeBroker.exe
User: DESKTOP-GHQF7EL\wah43"
정보,2025-06-23 오후 9:07:41,Microsoft-Windows-Sysmon,5,Process terminated (rule: ProcessTerminate),"Process terminated:
RuleName: -
UtcTime: 2025-06-23 12:07:41.021
ProcessGuid: {c00189fc-42dd-6859-455a-000000006900}
ProcessId: 386036
Image: C:\Windows\System32\RuntimeBroker.exe
User: DESKTOP-GHQF7EL\wah43"
정보,2025-06-23 오후 9:07:11,Microsoft-Windows-Sysmon,5,Process terminated (rule: ProcessTerminate),"Process terminated:
RuleName: -
UtcTime: 2025-06-23 12:07:11.243
ProcessGuid: {c00189fc-434f-6859-685a-000000006900}
ProcessId: 388544
Image: C:\Program Files (x86)\Microsoft\Edge\Application\msedge.exe
User: DESKTOP-GHQF7EL\wah43"
정보,2025-06-23 오후 9:07:10,Microsoft-Windows-Sysmon,5,Process terminated (rule: ProcessTerminate),"Process terminated:
RuleName: -
UtcTime: 2025-06-23 12:07:10.960
ProcessGuid: {c00189fc-42d5-6859-405a-000000006900}
ProcessId: 341272
Image: C:\Windows\System32\backgroundTaskHost.exe
User: DESKTOP-GHQF7EL\wah43"
정보,2025-06-23 오후 9:06:29,Microsoft-Windows-Sysmon,5,Process terminated (rule: ProcessTerminate),"Process terminated:
RuleName: -
UtcTime: 2025-06-23 12:06:29.602
ProcessGuid: {c00189fc-4339-6859-625a-000000006900}
ProcessId: 387372
Image: C:\Program Files\Microsoft OneDrive\25.095.0518.0002\FileCoAuth.exe
User: DESKTOP-GHQF7EL\wah43"
정보,2025-06-23 오후 9:06:28,Microsoft-Windows-Sysmon,5,Process terminated (rule: ProcessTerminate),"Process terminated:
RuleName: -
UtcTime: 2025-06-23 12:06:28.817
ProcessGuid: {c00189fc-4344-6859-655a-000000006900}
ProcessId: 387580
Image: C:\Program Files\AhnLab\Safe Transaction\ASDWsc.exe
User: NT AUTHORITY\SYSTEM"
정보,2025-06-23 오후 9:06:28,Microsoft-Windows-Sysmon,5,Process terminated (rule: ProcessTerminate),"Process terminated:
RuleName: -
UtcTime: 2025-06-23 12:06:28.700
ProcessGuid: {c00189fc-4344-6859-645a-000000006900}
ProcessId: 370924
Image: C:\Program Files\AhnLab\Safe Transaction\ASDWsc.exe
User: NT AUTHORITY\SYSTEM"
정보,2025-06-23 오후 9:06:26,Microsoft-Windows-Sysmon,5,Process terminated (rule: ProcessTerminate),"Process terminated:
RuleName: -
UtcTime: 2025-06-23 12:06:26.316
ProcessGuid: {c00189fc-4307-6859-535a-000000006900}
ProcessId: 384912
Image: C:\Windows\System32\svchost.exe
User: NT AUTHORITY\SYSTEM"
정보,2025-06-23 오후 9:06:23,Microsoft-Windows-Sysmon,5,Process terminated (rule: ProcessTerminate),"Process terminated:
RuleName: -
UtcTime: 2025-06-23 12:06:23.314
ProcessGuid: {c00189fc-433e-6859-635a-000000006900}
ProcessId: 387344
Image: C:\Windows\System32\backgroundTaskHost.exe
User: DESKTOP-GHQF7EL\wah43"
정보,2025-06-23 오후 9:06:11,Microsoft-Windows-Sysmon,5,Process terminated (rule: ProcessTerminate),"Process terminated:
RuleName: -
UtcTime: 2025-06-23 12:06:11.066
ProcessGuid: {c00189fc-4287-6859-c459-000000006900}
ProcessId: 373136
Image: C:\Program Files\HPPrintScanDoctor\HPPrinterHealthMonitor.exe
User: DESKTOP-GHQF7EL\wah43"
정보,2025-06-23 오후 9:06:01,Microsoft-Windows-Sysmon,5,Process terminated (rule: ProcessTerminate),"Process terminated:
RuleName: -
UtcTime: 2025-06-23 12:06:01.598
ProcessGuid: {c00189fc-42ae-6859-165a-000000006900}
ProcessId: 381580
Image: C:\Windows\servicing\TrustedInstaller.exe
User: NT AUTHORITY\SYSTEM"
정보,2025-06-23 오후 9:06:01,Microsoft-Windows-Sysmon,5,Process terminated (rule: ProcessTerminate),"Process terminated:
RuleName: -
UtcTime: 2025-06-23 12:06:01.584
ProcessGuid: {c00189fc-42ae-6859-175a-000000006900}
ProcessId: 381500
Image: C:\Windows\WinSxS\amd64_microsoft-windows-servicingstack_31bf3856ad364e35_10.0.19041.5911_none_7dd4fd687cb889e8\TiWorker.exe
User: NT AUTHORITY\SYSTEM"
정보,2025-06-23 오후 9:05:54,Microsoft-Windows-Sysmon,5,Process terminated (rule: ProcessTerminate),"Process terminated:
RuleName: -
UtcTime: 2025-06-23 12:05:54.826
ProcessGuid: {c00189fc-4321-6859-5e5a-000000006900}
ProcessId: 386408
Image: C:\Program Files\Google\Chrome\Application\chrome.exe
User: DESKTOP-GHQF7EL\wah43"
정보,2025-06-23 오후 9:05:49,Microsoft-Windows-Sysmon,5,Process terminated (rule: ProcessTerminate),"Process terminated:
RuleName: -
UtcTime: 2025-06-23 12:05:49.635
ProcessGuid: {c00189fc-431c-6859-5d5a-000000006900}
ProcessId: 380920
Image: C:\Users\wah43\AppData\Local\Programs\schedo\스케두.exe
User: DESKTOP-GHQF7EL\wah43"
정보,2025-06-23 오후 9:05:42,Microsoft-Windows-Sysmon,5,Process terminated (rule: ProcessTerminate),"Process terminated:
RuleName: -
UtcTime: 2025-06-23 12:05:42.012
ProcessGuid: {c00189fc-4313-6859-5c5a-000000006900}
ProcessId: 387192
Image: C:\Program Files (x86)\Microsoft\Edge\Application\msedge.exe
User: DESKTOP-GHQF7EL\wah43"
정보,2025-06-23 오후 9:05:37,Microsoft-Windows-Sysmon,5,Process terminated (rule: ProcessTerminate),"Process terminated:
RuleName: -
UtcTime: 2025-06-23 12:05:37.961
ProcessGuid: {c00189fc-42b3-6859-1a5a-000000006900}
ProcessId: 382760
Image: C:\Program Files\AhnLab\Safe Transaction\MUpdate2\ASDTEMP\ASDUp.exe
User: NT AUTHORITY\SYSTEM"
정보,2025-06-23 오후 9:05:34,Microsoft-Windows-Sysmon,5,Process terminated (rule: ProcessTerminate),"Process terminated:
RuleName: -
UtcTime: 2025-06-23 12:05:34.544
ProcessGuid: {c00189fc-4308-6859-545a-000000006900}
ProcessId: 380980
Image: C:\Program Files\AhnLab\Safe Transaction\MUpdate2\Update\ars\v3restore.exe
User: NT AUTHORITY\SYSTEM"
정보,2025-06-23 오후 9:05:34,Microsoft-Windows-Sysmon,5,Process terminated (rule: ProcessTerminate),"Process terminated:
RuleName: -
UtcTime: 2025-06-23 12:05:34.519
ProcessGuid: {c00189fc-430d-6859-5b5a-000000006900}
ProcessId: 372584
Image: C:\Program Files\AhnLab\Safe Transaction\ASDCli.exe
User: NT AUTHORITY\SYSTEM"
정보,2025-06-23 오후 9:05:33,Microsoft-Windows-Sysmon,5,Process terminated (rule: ProcessTerminate),"Process terminated:
RuleName: -
UtcTime: 2025-06-23 12:05:33.710
ProcessGuid: {c00189fc-430c-6859-5a5a-000000006900}
ProcessId: 372548
Image: C:\Program Files\AhnLab\Safe Transaction\ASDCli.exe
User: NT AUTHORITY\SYSTEM"
정보,2025-06-23 오후 9:05:32,Microsoft-Windows-Sysmon,5,Process terminated (rule: ProcessTerminate),"Process terminated:
RuleName: -
UtcTime: 2025-06-23 12:05:32.513
ProcessGuid: {c00189fc-430a-6859-595a-000000006900}
ProcessId: 387160
Image: C:\Program Files\AhnLab\Safe Transaction\ASDCli.exe
User: NT AUTHORITY\SYSTEM"
정보,2025-06-23 오후 9:05:30,Microsoft-Windows-Sysmon,5,Process terminated (rule: ProcessTerminate),"Process terminated:
RuleName: -
UtcTime: 2025-06-23 12:05:30.947
ProcessGuid: {c00189fc-42e9-6859-495a-000000006900}
ProcessId: 386612
Image: C:\Windows\System32\svchost.exe
User: NT AUTHORITY\SYSTEM"
정보,2025-06-23 오후 9:05:30,Microsoft-Windows-Sysmon,5,Process terminated (rule: ProcessTerminate),"Process terminated:
RuleName: -
UtcTime: 2025-06-23 12:05:30.790
ProcessGuid: {c00189fc-4309-6859-585a-000000006900}
ProcessId: 385200
Image: C:\Program Files\AhnLab\Safe Transaction\ASDCli.exe
User: NT AUTHORITY\SYSTEM"
정보,2025-06-23 오후 9:05:30,Microsoft-Windows-Sysmon,5,Process terminated (rule: ProcessTerminate),"Process terminated:
RuleName: -
UtcTime: 2025-06-23 12:05:30.610
ProcessGuid: {c00189fc-4302-6859-525a-000000006900}
ProcessId: 382720
Image: C:\Program Files\AhnLab\Safe Transaction\ASDCli.exe
User: NT AUTHORITY\SYSTEM"
정보,2025-06-23 오후 9:05:29,Microsoft-Windows-Sysmon,5,Process terminated (rule: ProcessTerminate),"Process terminated:
RuleName: -
UtcTime: 2025-06-23 12:05:29.196
ProcessGuid: {c00189fc-4308-6859-555a-000000006900}
ProcessId: 384736
Image: C:\Program Files\AhnLab\Safe Transaction\ASDCli.exe
User: NT AUTHORITY\SYSTEM"
정보,2025-06-23 오후 9:05:28,Microsoft-Windows-Sysmon,5,Process terminated (rule: ProcessTerminate),"Process terminated:
RuleName: -
UtcTime: 2025-06-23 12:05:28.748
ProcessGuid: {c00189fc-4308-6859-575a-000000006900}
ProcessId: 383136
Image: C:\Program Files\AhnLab\Safe Transaction\ASDWsc.exe
User: NT AUTHORITY\SYSTEM"
정보,2025-06-23 오후 9:05:28,Microsoft-Windows-Sysmon,5,Process terminated (rule: ProcessTerminate),"Process terminated:
RuleName: -
UtcTime: 2025-06-23 12:05:28.676
ProcessGuid: {c00189fc-42cf-6859-3c5a-000000006900}
ProcessId: 385020
Image: C:\Program Files\AhnLab\Safe Transaction\MUpdate2\Update\autoup.exe
User: NT AUTHORITY\SYSTEM"
정보,2025-06-23 오후 9:05:28,Microsoft-Windows-Sysmon,5,Process terminated (rule: ProcessTerminate),"Process terminated:
RuleName: -
UtcTime: 2025-06-23 12:05:28.580
ProcessGuid: {c00189fc-4308-6859-565a-000000006900}
ProcessId: 385404
Image: C:\Program Files\AhnLab\Safe Transaction\ASDWsc.exe
User: NT AUTHORITY\SYSTEM"
정보,2025-06-23 오후 9:05:28,Microsoft-Windows-Sysmon,5,Process terminated (rule: ProcessTerminate),"Process terminated:
RuleName: -
UtcTime: 2025-06-23 12:05:28.559
ProcessGuid: {c00189fc-42ab-6859-115a-000000006900}
ProcessId: 376752
Image: C:\Windows\System32\wbem\WmiPrvSE.exe
User: NT AUTHORITY\NETWORK SERVICE"
정보,2025-06-23 오후 9:05:28,Microsoft-Windows-Sysmon,5,Process terminated (rule: ProcessTerminate),"Process terminated:
RuleName: -
UtcTime: 2025-06-23 12:05:28.542
ProcessGuid: {c00189fc-42ae-6859-155a-000000006900}
ProcessId: 381728
Image: C:\Windows\System32\wbem\WmiPrvSE.exe
User: NT AUTHORITY\LOCAL SERVICE"
정보,2025-06-23 오후 9:05:27,Microsoft-Windows-Sysmon,5,Process terminated (rule: ProcessTerminate),"Process terminated:
RuleName: -
UtcTime: 2025-06-23 12:05:27.652
ProcessGuid: {c00189fc-42fa-6859-515a-000000006900}
ProcessId: 383668
Image: C:\Program Files\AhnLab\Safe Transaction\AupASD.exe
User: NT AUTHORITY\SYSTEM"
정보,2025-06-23 오후 9:05:14,Microsoft-Windows-Sysmon,5,Process terminated (rule: ProcessTerminate),"Process terminated:
RuleName: -
UtcTime: 2025-06-23 12:05:14.730
ProcessGuid: {c00189fc-42f5-6859-4e5a-000000006900}
ProcessId: 380016
Image: C:\Program Files\Google\Chrome\Application\chrome.exe
User: DESKTOP-GHQF7EL\wah43"
정보,2025-06-23 오후 9:05:14,Microsoft-Windows-Sysmon,5,Process terminated (rule: ProcessTerminate),"Process terminated:
RuleName: -
UtcTime: 2025-06-23 12:05:14.671
ProcessGuid: {c00189fc-42f4-6859-4d5a-000000006900}
ProcessId: 386716
Image: C:\Program Files\Google\Chrome\Application\chrome.exe
User: DESKTOP-GHQF7EL\wah43"
정보,2025-06-23 오후 9:05:14,Microsoft-Windows-Sysmon,5,Process terminated (rule: ProcessTerminate),"Process terminated:
RuleName: -
UtcTime: 2025-06-23 12:05:14.665
ProcessGuid: {c00189fc-42fa-6859-505a-000000006900}
ProcessId: 385080
Image: C:\Program Files\Google\Chrome\Application\chrome.exe
User: DESKTOP-GHQF7EL\wah43"
정보,2025-06-23 오후 9:05:14,Microsoft-Windows-Sysmon,5,Process terminated (rule: ProcessTerminate),"Process terminated:
RuleName: -
UtcTime: 2025-06-23 12:05:14.400
ProcessGuid: {c00189fc-4281-6859-a659-000000006900}
ProcessId: 371724
Image: C:\Windows\System32\svchost.exe
User: NT AUTHORITY\SYSTEM"
정보,2025-06-23 오후 9:05:06,Microsoft-Windows-Sysmon,5,Process terminated (rule: ProcessTerminate),"Process terminated:
RuleName: -
UtcTime: 2025-06-23 12:05:06.742
ProcessGuid: {c00189fc-42e3-6859-465a-000000006900}
ProcessId: 385980
Image: C:\Program Files\AhnLab\Safe Transaction\AupASD.exe
User: NT AUTHORITY\SYSTEM"
정보,2025-06-23 오후 9:05:03,Microsoft-Windows-Sysmon,5,Process terminated (rule: ProcessTerminate),"Process terminated:
RuleName: -
UtcTime: 2025-06-23 12:05:03.140
ProcessGuid: {c00189fc-42cb-6859-3a5a-000000006900}
ProcessId: 384044
Image: C:\Program Files\Google\Chrome\Application\chrome.exe
User: DESKTOP-GHQF7EL\wah43"
정보,2025-06-23 오후 9:05:02,Microsoft-Windows-Sysmon,5,Process terminated (rule: ProcessTerminate),"Process terminated:
RuleName: -
UtcTime: 2025-06-23 12:05:02.703
ProcessGuid: {c00189fc-42a9-6859-045a-000000006900}
ProcessId: 379644
Image: C:\Windows\System32\RuntimeBroker.exe
User: DESKTOP-GHQF7EL\wah43"
정보,2025-06-23 오후 9:04:59,Microsoft-Windows-Sysmon,5,Process terminated (rule: ProcessTerminate),"Process terminated:
RuleName: -
UtcTime: 2025-06-23 12:04:59.754
ProcessGuid: {c00189fc-42ea-6859-4c5a-000000006900}
ProcessId: 386676
Image: C:\Windows\System32\backgroundTaskHost.exe
User: DESKTOP-GHQF7EL\wah43"
정보,2025-06-23 오후 9:04:57,Microsoft-Windows-Sysmon,5,Process terminated (rule: ProcessTerminate),"Process terminated:
RuleName: -
UtcTime: 2025-06-23 12:04:57.955
ProcessGuid: {c00189fc-42e9-6859-4b5a-000000006900}
ProcessId: 384564
Image: C:\Windows\System32\backgroundTaskHost.exe
User: DESKTOP-GHQF7EL\wah43"
정보,2025-06-23 오후 9:04:54,Microsoft-Windows-Sysmon,5,Process terminated (rule: ProcessTerminate),"Process terminated:
RuleName: -
UtcTime: 2025-06-23 12:04:54.509
ProcessGuid: {c00189fc-42e6-6859-485a-000000006900}
ProcessId: 382124
Image: C:\Program Files\AhnLab\Safe Transaction\ASDWsc.exe
User: NT AUTHORITY\SYSTEM"
정보,2025-06-23 오후 9:04:54,Microsoft-Windows-Sysmon,5,Process terminated (rule: ProcessTerminate),"Process terminated:
RuleName: -
UtcTime: 2025-06-23 12:04:54.440
ProcessGuid: {c00189fc-42e6-6859-475a-000000006900}
ProcessId: 386024
Image: C:\Program Files\AhnLab\Safe Transaction\ASDWsc.exe
User: NT AUTHORITY\SYSTEM"
정보,2025-06-23 오후 9:04:51,Microsoft-Windows-Sysmon,5,Process terminated (rule: ProcessTerminate),"Process terminated:
RuleName: -
UtcTime: 2025-06-23 12:04:51.154
ProcessGuid: {c00189fc-42ad-6859-135a-000000006900}
ProcessId: 381296
Image: C:\Windows\System32\svchost.exe
User: NT AUTHORITY\SYSTEM"
정보,2025-06-23 오후 9:04:42,Microsoft-Windows-Sysmon,5,Process terminated (rule: ProcessTerminate),"Process terminated:
RuleName: -
UtcTime: 2025-06-23 12:04:42.489
ProcessGuid: {c00189fc-42da-6859-435a-000000006900}
ProcessId: 384224
Image: C:\Program Files (x86)\Microsoft\Edge\Application\msedge.exe
User: DESKTOP-GHQF7EL\wah43"
정보,2025-06-23 오후 9:04:41,Microsoft-Windows-Sysmon,5,Process terminated (rule: ProcessTerminate),"Process terminated:
RuleName: -
UtcTime: 2025-06-23 12:04:41.271
ProcessGuid: {c00189fc-42d8-6859-425a-000000006900}
ProcessId: 382036
Image: C:\Program Files (x86)\Microsoft\Edge\Application\msedge.exe
User: DESKTOP-GHQF7EL\wah43"
정보,2025-06-23 오후 9:04:41,Microsoft-Windows-Sysmon,5,Process terminated (rule: ProcessTerminate),"Process terminated:
RuleName: -
UtcTime: 2025-06-23 12:04:41.023
ProcessGuid: {c00189fc-42d8-6859-415a-000000006900}
ProcessId: 350428
Image: C:\Program Files (x86)\Microsoft\Edge\Application\msedge.exe
User: DESKTOP-GHQF7EL\wah43"
정보,2025-06-23 오후 9:04:38,Microsoft-Windows-Sysmon,5,Process terminated (rule: ProcessTerminate),"Process terminated:
RuleName: -
UtcTime: 2025-06-23 12:04:38.785
ProcessGuid: {c00189fc-4284-6859-be59-000000006900}
ProcessId: 374188
Image: C:\Program Files\Microsoft Office\root\vfs\ProgramFilesCommonX64\Microsoft Shared\OFFICE16\opushutil.exe
User: DESKTOP-GHQF7EL\wah43"
정보,2025-06-23 오후 9:04:34,Microsoft-Windows-Sysmon,5,Process terminated (rule: ProcessTerminate),"Process terminated:
RuleName: -
UtcTime: 2025-06-23 12:04:34.962
ProcessGuid: {c00189fc-42d2-6859-3f5a-000000006900}
ProcessId: 380996
Image: C:\Windows\System32\backgroundTaskHost.exe
User: DESKTOP-GHQF7EL\wah43"
정보,2025-06-23 오후 9:04:33,Microsoft-Windows-Sysmon,5,Process terminated (rule: ProcessTerminate),"Process terminated:
RuleName: -
UtcTime: 2025-06-23 12:04:33.310
ProcessGuid: {c00189fc-42d1-6859-3e5a-000000006900}
ProcessId: 384900
Image: C:\Windows\System32\conhost.exe
User: DESKTOP-GHQF7EL\wah43"
정보,2025-06-23 오후 9:04:33,Microsoft-Windows-Sysmon,5,Process terminated (rule: ProcessTerminate),"Process terminated:
RuleName: -
UtcTime: 2025-06-23 12:04:33.308
ProcessGuid: {c00189fc-42d1-6859-3d5a-000000006900}
ProcessId: 384880
Image: C:\Windows\System32\wevtutil.exe
User: DESKTOP-GHQF7EL\wah43"
정보,2025-06-23 오후 9:04:32,Microsoft-Windows-Sysmon,5,Process terminated (rule: ProcessTerminate),"Process terminated:
RuleName: -
UtcTime: 2025-06-23 12:04:32.685
ProcessGuid: {c00189fc-429e-6859-f059-000000006900}
ProcessId: 379072
Image: C:\Program Files\WindowsApps\microsoft.windowscommunicationsapps_16005.14326.22342.0_x64__8wekyb3d8bbwe\HxTsr.exe
User: DESKTOP-GHQF7EL\wah43"
정보,2025-06-23 오후 9:04:31,Microsoft-Windows-Sysmon,5,Process terminated (rule: ProcessTerminate),"Process terminated:
RuleName: -
UtcTime: 2025-06-23 12:04:31.551
ProcessGuid: {c00189fc-42b5-6859-1f5a-000000006900}
ProcessId: 383284
Image: C:\Program Files\AhnLab\Safe Transaction\MUpdate2\MUpdate2.exe
User: NT AUTHORITY\SYSTEM"
정보,2025-06-23 오후 9:04:31,Microsoft-Windows-Sysmon,5,Process terminated (rule: ProcessTerminate),"Process terminated:
RuleName: -
UtcTime: 2025-06-23 12:04:31.363
ProcessGuid: {c00189fc-42ce-6859-3b5a-000000006900}
ProcessId: 384456
Image: C:\Windows\System32\backgroundTaskHost.exe
User: DESKTOP-GHQF7EL\wah43"
정보,2025-06-23 오후 9:04:29,Microsoft-Windows-Sysmon,5,Process terminated (rule: ProcessTerminate),"Process terminated:
RuleName: -
UtcTime: 2025-06-23 12:04:29.237
ProcessGuid: {c00189fc-42bd-6859-2f5a-000000006900}
ProcessId: 384312
Image: C:\Program Files (x86)\Google\GoogleUpdater\138.0.7194.0\updater.exe
User: NT AUTHORITY\SYSTEM"
정보,2025-06-23 오후 9:04:29,Microsoft-Windows-Sysmon,5,Process terminated (rule: ProcessTerminate),"Process terminated:
RuleName: -
UtcTime: 2025-06-23 12:04:29.227
ProcessGuid: {c00189fc-42bc-6859-2e5a-000000006900}
ProcessId: 384104
Image: C:\Program Files (x86)\Google\GoogleUpdater\138.0.7194.0\updater.exe
User: NT AUTHORITY\SYSTEM"
정보,2025-06-23 오후 9:04:25,Microsoft-Windows-Sysmon,5,Process terminated (rule: ProcessTerminate),"Process terminated:
RuleName: -
UtcTime: 2025-06-23 12:04:25.821
ProcessGuid: {c00189fc-42c4-6859-365a-000000006900}
ProcessId: 383680
Image: C:\Windows\System32\taskhostw.exe
User: DESKTOP-GHQF7EL\wah43"
정보,2025-06-23 오후 9:04:25,Microsoft-Windows-Sysmon,5,Process terminated (rule: ProcessTerminate),"Process terminated:
RuleName: -
UtcTime: 2025-06-23 12:04:25.082
ProcessGuid: {c00189fc-42c7-6859-395a-000000006900}
ProcessId: 384940
Image: C:\Program Files\Google\Chrome\Application\chrome.exe
User: DESKTOP-GHQF7EL\wah43"
정보,2025-06-23 오후 9:04:24,Microsoft-Windows-Sysmon,5,Process terminated (rule: ProcessTerminate),"Process terminated:
RuleName: -
UtcTime: 2025-06-23 12:04:24.693
ProcessGuid: {c00189fc-42c7-6859-375a-000000006900}
ProcessId: 383380
Image: C:\Program Files\Google\Chrome\Application\chrome.exe
User: DESKTOP-GHQF7EL\wah43"
정보,2025-06-23 오후 9:04:24,Microsoft-Windows-Sysmon,5,Process terminated (rule: ProcessTerminate),"Process terminated:
RuleName: -
UtcTime: 2025-06-23 12:04:24.693
ProcessGuid: {c00189fc-42c7-6859-385a-000000006900}
ProcessId: 384932
Image: C:\Program Files\Google\Chrome\Application\chrome.exe
User: DESKTOP-GHQF7EL\wah43"
정보,2025-06-23 오후 9:04:22,Microsoft-Windows-Sysmon,5,Process terminated (rule: ProcessTerminate),"Process terminated:
RuleName: -
UtcTime: 2025-06-23 12:04:22.716
ProcessGuid: {c00189fc-42a0-6859-f359-000000006900}
ProcessId: 378608
Image: C:\Program Files (x86)\Microsoft\Edge\Application\137.0.3296.93\identity_helper.exe
User: DESKTOP-GHQF7EL\wah43"
